2023.03.23 09:58:54 ERROR web[AYcDg2hgJbHuq6rjAA0d][o.s.s.w.WebServiceEngine] Fail to process request http://localhost:9000/api/developers/search_events?projects=professor-service&from=2023-03-21T20%3A13%3A02%2B0000
org.sonar.server.es.ElasticsearchException: Fail to execute es requestES search request 'SearchRequest{searchType=QUERY_THEN_FETCH, indices=[issues], indicesOptions=IndicesOptions[ignore_unavailable=false, allow_no_indices=true, expand_wildcards_open=true, expand_wildcards_closed=false, expand_wildcards_hidden=false, allow_aliases_to_multiple_indices=true, forbid_closed_indices=true, ignore_aliases=false, ignore_throttled=true], types=[auth], routing='null', preference='null', requestCache=null, scroll=null, maxConcurrentShardRequests=0, batchedReduceSize=512, preFilterShardSize=null, allowPartialSearchResults=null, localClusterAlias=null, getOrCreateAbsoluteStartMillis=-1, ccsMinimizeRoundtrips=true, enableFieldsEmulation=false, source={"size":0,"query":{"bool":{"filter":[{"term":{"assignee":{"value":"AYcDfHDKeXJpVsPEit99","boost":1.0}}}],"must_not":[{"exists":{"field":"resolution","boost":1.0}},{"term":{"type":{"value":"SECURITY_HOTSPOT","boost":1.0}}}],"adjust_pure_negative":true,"boost":1.0}},"aggregations":{"AYcDio0LeXJpVsPEi33i":{"filter":{"bool":{"filter":[{"term":{"project":{"value":"AYcDio0LeXJpVsPEi33i","boost":1.0}}},{"range":{"issueCreatedAt":{"from":1679429583,"to":null,"include_lower":true,"include_upper":true,"boost":1.0}}}],"adjust_pure_negative":true,"boost":1.0}},"aggregations":{"branchUuid":{"terms":{"field":"branch","size":10,"min_doc_count":1,"shard_min_doc_count":0,"show_term_doc_count_error":false,"order":[{"_count":"desc"},{"_key":"asc"}]},"aggregations":{"count":{"value_count":{"field":"key"}},"maxFuncCreatedAt":{"max":{"field":"issueCreatedAt"}}}}}}}}}' on indices '[issues]' on types '[auth]'
	at org.sonar.server.es.EsClient.execute(EsClient.java:313)
	at org.sonar.server.es.EsClient.search(EsClient.java:134)
	at org.sonar.server.issue.index.IssueIndex.searchProjectStatistics(IssueIndex.java:1089)
	at org.sonar.server.developers.ws.SearchEventsAction.computeNewIssuesEvents(SearchEventsAction.java:188)
	at org.sonar.server.developers.ws.SearchEventsAction.computeEvents(SearchEventsAction.java:149)
	at org.sonar.server.developers.ws.SearchEventsAction.handle(SearchEventsAction.java:116)
	at org.sonar.server.ws.WebServiceEngine.execute(WebServiceEngine.java:111)
	at org.sonar.server.platform.web.WebServiceFilter.doFilter(WebServiceFilter.java:84)
	at org.sonar.server.platform.web.MasterServletFilter$GodFilterChain.doFilter(MasterServletFilter.java:153)
	at org.sonar.server.platform.web.SonarLintConnectionFilter.doFilter(SonarLintConnectionFilter.java:66)
	at org.sonar.server.platform.web.MasterServletFilter$GodFilterChain.doFilter(MasterServletFilter.java:153)
	at org.sonar.server.platform.web.MasterServletFilter.doFilter(MasterServletFilter.java:116)
	at jdk.internal.reflect.GeneratedMethodAccessor184.invoke(Unknown Source)
	at java.base/jdk.internal.reflect.DelegatingMethodAccessorImpl.invoke(DelegatingMethodAccessorImpl.java:43)
	at java.base/java.lang.reflect.Method.invoke(Method.java:568)
	at org.apache.catalina.security.SecurityUtil.lambda$execute$0(SecurityUtil.java:280)
	at java.base/java.security.AccessController.doPrivileged(AccessController.java:712)
	at java.base/javax.security.auth.Subject.doAsPrivileged(Subject.java:584)
	at org.apache.catalina.security.SecurityUtil.execute(SecurityUtil.java:311)
	at org.apache.catalina.security.SecurityUtil.doAsPrivilege(SecurityUtil.java:253)
	at org.apache.catalina.core.ApplicationFilterChain.internalDoFilter(ApplicationFilterChain.java:187)
	at org.apache.catalina.core.ApplicationFilterChain.lambda$doFilter$0(ApplicationFilterChain.java:145)
	at java.base/java.security.AccessController.doPrivileged(AccessController.java:569)
	at org.apache.catalina.core.ApplicationFilterChain.doFilter(ApplicationFilterChain.java:143)
	at org.sonar.server.platform.web.UserSessionFilter.doFilter(UserSessionFilter.java:81)
	at org.sonar.server.platform.web.UserSessionFilter.doFilter(UserSessionFilter.java:68)
	at jdk.internal.reflect.GeneratedMethodAccessor184.invoke(Unknown Source)
	at java.base/jdk.internal.reflect.DelegatingMethodAccessorImpl.invoke(DelegatingMethodAccessorImpl.java:43)
	at java.base/java.lang.reflect.Method.invoke(Method.java:568)
	at org.apache.catalina.security.SecurityUtil.lambda$execute$0(SecurityUtil.java:280)
	at java.base/java.security.AccessController.doPrivileged(AccessController.java:712)
	at java.base/javax.security.auth.Subject.doAsPrivileged(Subject.java:584)
	at org.apache.catalina.security.SecurityUtil.execute(SecurityUtil.java:311)
	at org.apache.catalina.security.SecurityUtil.doAsPrivilege(SecurityUtil.java:253)
	at org.apache.catalina.core.ApplicationFilterChain.internalDoFilter(ApplicationFilterChain.java:187)
	at org.apache.catalina.core.ApplicationFilterChain.lambda$doFilter$0(ApplicationFilterChain.java:145)
	at java.base/java.security.AccessController.doPrivileged(AccessController.java:569)
	at org.apache.catalina.core.ApplicationFilterChain.doFilter(ApplicationFilterChain.java:143)
	at org.sonar.server.platform.web.CspFilter.doFilter(CspFilter.java:63)
	at jdk.internal.reflect.GeneratedMethodAccessor184.invoke(Unknown Source)
	at java.base/jdk.internal.reflect.DelegatingMethodAccessorImpl.invoke(DelegatingMethodAccessorImpl.java:43)
	at java.base/java.lang.reflect.Method.invoke(Method.java:568)
	at org.apache.catalina.security.SecurityUtil.lambda$execute$0(SecurityUtil.java:280)
	at java.base/java.security.AccessController.doPrivileged(AccessController.java:712)
	at java.base/javax.security.auth.Subject.doAsPrivileged(Subject.java:584)
	at org.apache.catalina.security.SecurityUtil.execute(SecurityUtil.java:311)
	at org.apache.catalina.security.SecurityUtil.doAsPrivilege(SecurityUtil.java:253)
	at org.apache.catalina.core.ApplicationFilterChain.internalDoFilter(ApplicationFilterChain.java:187)
	at org.apache.catalina.core.ApplicationFilterChain.lambda$doFilter$0(ApplicationFilterChain.java:145)
	at java.base/java.security.AccessController.doPrivileged(AccessController.java:569)
	at org.apache.catalina.core.ApplicationFilterChain.doFilter(ApplicationFilterChain.java:143)
	at org.sonar.server.platform.web.CacheControlFilter.doFilter(CacheControlFilter.java:76)
	at jdk.internal.reflect.GeneratedMethodAccessor184.invoke(Unknown Source)
	at java.base/jdk.internal.reflect.DelegatingMethodAccessorImpl.invoke(DelegatingMethodAccessorImpl.java:43)
	at java.base/java.lang.reflect.Method.invoke(Method.java:568)
	at org.apache.catalina.security.SecurityUtil.lambda$execute$0(SecurityUtil.java:280)
	at java.base/java.security.AccessController.doPrivileged(AccessController.java:712)
	at java.base/javax.security.auth.Subject.doAsPrivileged(Subject.java:584)
	at org.apache.catalina.security.SecurityUtil.execute(SecurityUtil.java:311)
	at org.apache.catalina.security.SecurityUtil.doAsPrivilege(SecurityUtil.java:253)
	at org.apache.catalina.core.ApplicationFilterChain.internalDoFilter(ApplicationFilterChain.java:187)
	at org.apache.catalina.core.ApplicationFilterChain.lambda$doFilter$0(ApplicationFilterChain.java:145)
	at java.base/java.security.AccessController.doPrivileged(AccessController.java:569)
	at org.apache.catalina.core.ApplicationFilterChain.doFilter(ApplicationFilterChain.java:143)
	at org.sonar.server.platform.web.SecurityServletFilter.doHttpFilter(SecurityServletFilter.java:60)
	at org.sonar.server.platform.web.SecurityServletFilter.doFilter(SecurityServletFilter.java:47)
	at jdk.internal.reflect.GeneratedMethodAccessor184.invoke(Unknown Source)
	at java.base/jdk.internal.reflect.DelegatingMethodAccessorImpl.invoke(DelegatingMethodAccessorImpl.java:43)
	at java.base/java.lang.reflect.Method.invoke(Method.java:568)
	at org.apache.catalina.security.SecurityUtil.lambda$execute$0(SecurityUtil.java:280)
	at java.base/java.security.AccessController.doPrivileged(AccessController.java:712)
	at java.base/javax.security.auth.Subject.doAsPrivileged(Subject.java:584)
	at org.apache.catalina.security.SecurityUtil.execute(SecurityUtil.java:311)
	at org.apache.catalina.security.SecurityUtil.doAsPrivilege(SecurityUtil.java:253)
	at org.apache.catalina.core.ApplicationFilterChain.internalDoFilter(ApplicationFilterChain.java:187)
	at org.apache.catalina.core.ApplicationFilterChain.lambda$doFilter$0(ApplicationFilterChain.java:145)
	at java.base/java.security.AccessController.doPrivileged(AccessController.java:569)
	at org.apache.catalina.core.ApplicationFilterChain.doFilter(ApplicationFilterChain.java:143)
	at org.sonar.server.platform.web.RedirectFilter.doFilter(RedirectFilter.java:57)
	at jdk.internal.reflect.GeneratedMethodAccessor184.invoke(Unknown Source)
	at java.base/jdk.internal.reflect.DelegatingMethodAccessorImpl.invoke(DelegatingMethodAccessorImpl.java:43)
	at java.base/java.lang.reflect.Method.invoke(Method.java:568)
	at org.apache.catalina.security.SecurityUtil.lambda$execute$0(SecurityUtil.java:280)
	at java.base/java.security.AccessController.doPrivileged(AccessController.java:712)
	at java.base/javax.security.auth.Subject.doAsPrivileged(Subject.java:584)
	at org.apache.catalina.security.SecurityUtil.execute(SecurityUtil.java:311)
	at org.apache.catalina.security.SecurityUtil.doAsPrivilege(SecurityUtil.java:253)
	at org.apache.catalina.core.ApplicationFilterChain.internalDoFilter(ApplicationFilterChain.java:187)
	at org.apache.catalina.core.ApplicationFilterChain.lambda$doFilter$0(ApplicationFilterChain.java:145)
	at java.base/java.security.AccessController.doPrivileged(AccessController.java:569)
	at org.apache.catalina.core.ApplicationFilterChain.doFilter(ApplicationFilterChain.java:143)
	at org.sonar.server.platform.web.RequestIdFilter.doFilter(RequestIdFilter.java:66)
	at jdk.internal.reflect.GeneratedMethodAccessor184.invoke(Unknown Source)
	at java.base/jdk.internal.reflect.DelegatingMethodAccessorImpl.invoke(DelegatingMethodAccessorImpl.java:43)
	at java.base/java.lang.reflect.Method.invoke(Method.java:568)
	at org.apache.catalina.security.SecurityUtil.lambda$execute$0(SecurityUtil.java:280)
	at java.base/java.security.AccessController.doPrivileged(AccessController.java:712)
	at java.base/javax.security.auth.Subject.doAsPrivileged(Subject.java:584)
	at org.apache.catalina.security.SecurityUtil.execute(SecurityUtil.java:311)
	at org.apache.catalina.security.SecurityUtil.doAsPrivilege(SecurityUtil.java:253)
	at org.apache.catalina.core.ApplicationFilterChain.internalDoFilter(ApplicationFilterChain.java:187)
	at org.apache.catalina.core.ApplicationFilterChain.lambda$doFilter$0(ApplicationFilterChain.java:145)
	at java.base/java.security.AccessController.doPrivileged(AccessController.java:569)
	at org.apache.catalina.core.ApplicationFilterChain.doFilter(ApplicationFilterChain.java:143)
	at org.sonar.server.platform.web.RootFilter.doFilter(RootFilter.java:64)
	at jdk.internal.reflect.GeneratedMethodAccessor184.invoke(Unknown Source)
	at java.base/jdk.internal.reflect.DelegatingMethodAccessorImpl.invoke(DelegatingMethodAccessorImpl.java:43)
	at java.base/java.lang.reflect.Method.invoke(Method.java:568)
	at org.apache.catalina.security.SecurityUtil.lambda$execute$0(SecurityUtil.java:280)
	at java.base/java.security.AccessController.doPrivileged(AccessController.java:712)
	at java.base/javax.security.auth.Subject.doAsPrivileged(Subject.java:584)
	at org.apache.catalina.security.SecurityUtil.execute(SecurityUtil.java:311)
	at org.apache.catalina.security.SecurityUtil.doAsPrivilege(SecurityUtil.java:253)
	at org.apache.catalina.core.ApplicationFilterChain.internalDoFilter(ApplicationFilterChain.java:187)
	at org.apache.catalina.core.ApplicationFilterChain.lambda$doFilter$0(ApplicationFilterChain.java:145)
	at java.base/java.security.AccessController.doPrivileged(AccessController.java:569)
	at org.apache.catalina.core.ApplicationFilterChain.doFilter(ApplicationFilterChain.java:143)
	at org.apache.catalina.filters.SetCharacterEncodingFilter.doFilter(SetCharacterEncodingFilter.java:109)
	at jdk.internal.reflect.GeneratedMethodAccessor184.invoke(Unknown Source)
	at java.base/jdk.internal.reflect.DelegatingMethodAccessorImpl.invoke(DelegatingMethodAccessorImpl.java:43)
	at java.base/java.lang.reflect.Method.invoke(Method.java:568)
	at org.apache.catalina.security.SecurityUtil.lambda$execute$0(SecurityUtil.java:280)
	at java.base/java.security.AccessController.doPrivileged(AccessController.java:712)
	at java.base/javax.security.auth.Subject.doAsPrivileged(Subject.java:584)
	at org.apache.catalina.security.SecurityUtil.execute(SecurityUtil.java:311)
	at org.apache.catalina.security.SecurityUtil.doAsPrivilege(SecurityUtil.java:253)
	at org.apache.catalina.core.ApplicationFilterChain.internalDoFilter(ApplicationFilterChain.java:187)
	at org.apache.catalina.core.ApplicationFilterChain.lambda$doFilter$0(ApplicationFilterChain.java:145)
	at java.base/java.security.AccessController.doPrivileged(AccessController.java:569)
	at org.apache.catalina.core.ApplicationFilterChain.doFilter(ApplicationFilterChain.java:143)
	at org.apache.catalina.core.StandardWrapperValve.invoke(StandardWrapperValve.java:177)
	at org.apache.catalina.core.StandardContextValve.invoke(StandardContextValve.java:97)
	at org.apache.catalina.authenticator.AuthenticatorBase.invoke(AuthenticatorBase.java:541)
	at org.apache.catalina.core.StandardHostValve.invoke(StandardHostValve.java:135)
	at org.apache.catalina.valves.ErrorReportValve.invoke(ErrorReportValve.java:92)
	at ch.qos.logback.access.tomcat.LogbackValve.invoke(LogbackValve.java:256)
	at org.apache.catalina.valves.ErrorReportValve.invoke(ErrorReportValve.java:92)
	at org.sonar.server.app.SecureErrorReportValve.invoke(SecureErrorReportValve.java:37)
	at org.apache.catalina.core.StandardEngineValve.invoke(StandardEngineValve.java:78)
	at org.apache.catalina.connector.CoyoteAdapter.service(CoyoteAdapter.java:360)
	at org.apache.coyote.http11.Http11Processor.service(Http11Processor.java:399)
	at org.apache.coyote.AbstractProcessorLight.process(AbstractProcessorLight.java:65)
	at org.apache.coyote.AbstractProtocol$ConnectionHandler.process(AbstractProtocol.java:891)
	at org.apache.tomcat.util.net.NioEndpoint$SocketProcessor.doRun(NioEndpoint.java:1784)
	at org.apache.tomcat.util.net.SocketProcessorBase.run(SocketProcessorBase.java:49)
	at org.apache.tomcat.util.threads.ThreadPoolExecutor.runWorker(ThreadPoolExecutor.java:1191)
	at org.apache.tomcat.util.threads.ThreadPoolExecutor$Worker.run(ThreadPoolExecutor.java:659)
	at org.apache.tomcat.util.threads.TaskThread$WrappingRunnable.run(TaskThread.java:61)
	at java.base/java.lang.Thread.run(Thread.java:833)
Caused by: java.net.SocketTimeoutException: 60 000 milliseconds timeout on connection http-outgoing-3 [ACTIVE]
	at org.elasticsearch.client.RestClient.extractAndWrapCause(RestClient.java:917)
	at org.elasticsearch.client.RestClient.performRequest(RestClient.java:300)
	at org.elasticsearch.client.RestClient.performRequest(RestClient.java:288)
	at org.elasticsearch.client.RestHighLevelClient.performClientRequest(RestHighLevelClient.java:2699)
	at org.elasticsearch.client.RestHighLevelClient.internalPerformRequest(RestHighLevelClient.java:2171)
	at org.elasticsearch.client.RestHighLevelClient.performRequest(RestHighLevelClient.java:2137)
	at org.elasticsearch.client.RestHighLevelClient.performRequestAndParseEntity(RestHighLevelClient.java:2105)
	at org.elasticsearch.client.RestHighLevelClient.search(RestHighLevelClient.java:1367)
	at org.sonar.server.es.EsClient.lambda$search$1(EsClient.java:134)
	at org.sonar.server.es.EsClient.execute(EsClient.java:311)
	... 148 common frames omitted
Caused by: java.net.SocketTimeoutException: 60 000 milliseconds timeout on connection http-outgoing-3 [ACTIVE]
	at org.apache.http.nio.protocol.HttpAsyncRequestExecutor.timeout(HttpAsyncRequestExecutor.java:387)
	at org.apache.http.impl.nio.client.InternalIODispatch.onTimeout(InternalIODispatch.java:92)
	at org.apache.http.impl.nio.client.InternalIODispatch.onTimeout(InternalIODispatch.java:39)
	at org.apache.http.impl.nio.reactor.AbstractIODispatch.timeout(AbstractIODispatch.java:175)
	at org.apache.http.impl.nio.reactor.BaseIOReactor.sessionTimedOut(BaseIOReactor.java:261)
	at org.apache.http.impl.nio.reactor.AbstractIOReactor.timeoutCheck(AbstractIOReactor.java:502)
	at org.apache.http.impl.nio.reactor.BaseIOReactor.validate(BaseIOReactor.java:211)
	at org.apache.http.impl.nio.reactor.AbstractIOReactor.execute(AbstractIOReactor.java:280)
	at org.apache.http.impl.nio.reactor.BaseIOReactor.execute(BaseIOReactor.java:104)
	at org.apache.http.impl.nio.reactor.AbstractMultiworkerIOReactor$Worker.run(AbstractMultiworkerIOReactor.java:591)
	... 1 common frames omitted
2023.03.23 09:59:14 WARN  web[][c.z.h.p.HikariPool] HikariPool-1 - Thread starvation or clock leap detected (housekeeper delta=13h46m47s325ms128µs600ns).
2023.03.23 10:43:11 WARN  web[][c.z.h.p.HikariPool] HikariPool-1 - Thread starvation or clock leap detected (housekeeper delta=29m56s223ms762µs600ns).
2023.03.23 13:30:57 WARN  web[][c.z.h.p.HikariPool] HikariPool-1 - Thread starvation or clock leap detected (housekeeper delta=1h22m44s331ms890µs200ns).
2023.03.23 13:49:01 ERROR web[][o.s.s.m.ElasticSearchMetricTask] Failed to query ES status, no nodes stats returned by elasticsearch API
2023.03.23 13:49:11 ERROR web[][o.s.s.m.ElasticSearchMetricTask] Failed to query ES status, no nodes stats returned by elasticsearch API
2023.03.23 13:49:21 ERROR web[][o.s.s.m.ElasticSearchMetricTask] Failed to query ES status, no nodes stats returned by elasticsearch API
2023.03.23 13:49:31 ERROR web[][o.s.s.m.ElasticSearchMetricTask] Failed to query ES status, no nodes stats returned by elasticsearch API
2023.03.23 13:49:41 ERROR web[][o.s.s.m.ElasticSearchMetricTask] Failed to query ES status, no nodes stats returned by elasticsearch API
2023.03.23 13:49:51 ERROR web[][o.s.s.m.ElasticSearchMetricTask] Failed to query ES status, no nodes stats returned by elasticsearch API
2023.03.23 13:50:01 ERROR web[][o.s.s.m.ElasticSearchMetricTask] Failed to query ES status, no nodes stats returned by elasticsearch API
2023.03.23 13:50:11 ERROR web[][o.s.s.m.ElasticSearchMetricTask] Failed to query ES status, no nodes stats returned by elasticsearch API
2023.03.23 13:50:21 ERROR web[][o.s.s.m.ElasticSearchMetricTask] Failed to query ES status, no nodes stats returned by elasticsearch API
2023.03.23 13:50:31 ERROR web[][o.s.s.m.ElasticSearchMetricTask] Failed to query ES status, no nodes stats returned by elasticsearch API
2023.03.23 13:50:41 ERROR web[][o.s.s.m.ElasticSearchMetricTask] Failed to query ES status, no nodes stats returned by elasticsearch API
2023.03.23 13:50:51 ERROR web[][o.s.s.m.ElasticSearchMetricTask] Failed to query ES status, no nodes stats returned by elasticsearch API
2023.03.23 13:51:01 ERROR web[][o.s.s.m.ElasticSearchMetricTask] Failed to query ES status, no nodes stats returned by elasticsearch API
2023.03.23 13:51:11 ERROR web[][o.s.s.m.ElasticSearchMetricTask] Failed to query ES status, no nodes stats returned by elasticsearch API
2023.03.23 13:51:21 ERROR web[][o.s.s.m.ElasticSearchMetricTask] Failed to query ES status, no nodes stats returned by elasticsearch API
2023.03.23 13:51:31 ERROR web[][o.s.s.m.ElasticSearchMetricTask] Failed to query ES status, no nodes stats returned by elasticsearch API
2023.03.23 13:51:41 ERROR web[][o.s.s.m.ElasticSearchMetricTask] Failed to query ES status, no nodes stats returned by elasticsearch API
2023.03.23 13:51:51 ERROR web[][o.s.s.m.ElasticSearchMetricTask] Failed to query ES status, no nodes stats returned by elasticsearch API
2023.03.23 13:52:01 ERROR web[][o.s.s.m.ElasticSearchMetricTask] Failed to query ES status, no nodes stats returned by elasticsearch API
2023.03.23 13:52:11 ERROR web[][o.s.s.m.ElasticSearchMetricTask] Failed to query ES status, no nodes stats returned by elasticsearch API
2023.03.23 13:52:21 ERROR web[][o.s.s.m.ElasticSearchMetricTask] Failed to query ES status, no nodes stats returned by elasticsearch API
2023.03.23 13:52:31 ERROR web[][o.s.s.m.ElasticSearchMetricTask] Failed to query ES status, no nodes stats returned by elasticsearch API
2023.03.23 13:52:41 ERROR web[][o.s.s.m.ElasticSearchMetricTask] Failed to query ES status, no nodes stats returned by elasticsearch API
2023.03.23 13:52:51 ERROR web[][o.s.s.m.ElasticSearchMetricTask] Failed to query ES status, no nodes stats returned by elasticsearch API
2023.03.23 13:53:01 ERROR web[][o.s.s.m.ElasticSearchMetricTask] Failed to query ES status, no nodes stats returned by elasticsearch API
2023.03.23 13:53:11 ERROR web[][o.s.s.m.ElasticSearchMetricTask] Failed to query ES status, no nodes stats returned by elasticsearch API
2023.03.23 13:53:21 ERROR web[][o.s.s.m.ElasticSearchMetricTask] Failed to query ES status, no nodes stats returned by elasticsearch API
2023.03.23 13:53:31 ERROR web[][o.s.s.m.ElasticSearchMetricTask] Failed to query ES status, no nodes stats returned by elasticsearch API
2023.03.23 13:53:41 ERROR web[][o.s.s.m.ElasticSearchMetricTask] Failed to query ES status, no nodes stats returned by elasticsearch API
2023.03.23 13:53:51 ERROR web[][o.s.s.m.ElasticSearchMetricTask] Failed to query ES status, no nodes stats returned by elasticsearch API
2023.03.23 13:54:01 ERROR web[][o.s.s.m.ElasticSearchMetricTask] Failed to query ES status, no nodes stats returned by elasticsearch API
2023.03.23 13:54:11 ERROR web[][o.s.s.m.ElasticSearchMetricTask] Failed to query ES status, no nodes stats returned by elasticsearch API
2023.03.23 13:54:21 ERROR web[][o.s.s.m.ElasticSearchMetricTask] Failed to query ES status, no nodes stats returned by elasticsearch API
2023.03.23 13:54:31 ERROR web[][o.s.s.m.ElasticSearchMetricTask] Failed to query ES status, no nodes stats returned by elasticsearch API
2023.03.23 13:54:41 ERROR web[][o.s.s.m.ElasticSearchMetricTask] Failed to query ES status, no nodes stats returned by elasticsearch API
2023.03.23 13:54:51 ERROR web[][o.s.s.m.ElasticSearchMetricTask] Failed to query ES status, no nodes stats returned by elasticsearch API
2023.03.23 13:55:01 ERROR web[][o.s.s.m.ElasticSearchMetricTask] Failed to query ES status, no nodes stats returned by elasticsearch API
2023.03.23 13:55:11 ERROR web[][o.s.s.m.ElasticSearchMetricTask] Failed to query ES status, no nodes stats returned by elasticsearch API
2023.03.23 13:55:21 ERROR web[][o.s.s.m.ElasticSearchMetricTask] Failed to query ES status, no nodes stats returned by elasticsearch API
2023.03.23 13:55:31 ERROR web[][o.s.s.m.ElasticSearchMetricTask] Failed to query ES status, no nodes stats returned by elasticsearch API
2023.03.23 13:55:41 ERROR web[][o.s.s.m.ElasticSearchMetricTask] Failed to query ES status, no nodes stats returned by elasticsearch API
2023.03.23 13:55:51 ERROR web[][o.s.s.m.ElasticSearchMetricTask] Failed to query ES status, no nodes stats returned by elasticsearch API
2023.03.23 13:56:01 ERROR web[][o.s.s.m.ElasticSearchMetricTask] Failed to query ES status, no nodes stats returned by elasticsearch API
2023.03.23 13:56:11 ERROR web[][o.s.s.m.ElasticSearchMetricTask] Failed to query ES status, no nodes stats returned by elasticsearch API
2023.03.23 13:56:21 ERROR web[][o.s.s.m.ElasticSearchMetricTask] Failed to query ES status, no nodes stats returned by elasticsearch API
2023.03.23 13:56:31 ERROR web[][o.s.s.m.ElasticSearchMetricTask] Failed to query ES status, no nodes stats returned by elasticsearch API
2023.03.23 13:56:41 ERROR web[][o.s.s.m.ElasticSearchMetricTask] Failed to query ES status, no nodes stats returned by elasticsearch API
2023.03.23 13:56:51 ERROR web[][o.s.s.m.ElasticSearchMetricTask] Failed to query ES status, no nodes stats returned by elasticsearch API
2023.03.23 13:57:01 ERROR web[][o.s.s.m.ElasticSearchMetricTask] Failed to query ES status, no nodes stats returned by elasticsearch API
2023.03.23 13:57:11 ERROR web[][o.s.s.m.ElasticSearchMetricTask] Failed to query ES status, no nodes stats returned by elasticsearch API
2023.03.23 13:57:21 ERROR web[][o.s.s.m.ElasticSearchMetricTask] Failed to query ES status, no nodes stats returned by elasticsearch API
2023.03.23 13:57:32 ERROR web[][o.s.s.m.ElasticSearchMetricTask] Failed to query ES status, no nodes stats returned by elasticsearch API
2023.03.23 13:57:42 ERROR web[][o.s.s.m.ElasticSearchMetricTask] Failed to query ES status, no nodes stats returned by elasticsearch API
2023.03.23 13:57:52 ERROR web[][o.s.s.m.ElasticSearchMetricTask] Failed to query ES status, no nodes stats returned by elasticsearch API
2023.03.23 13:58:02 ERROR web[][o.s.s.m.ElasticSearchMetricTask] Failed to query ES status, no nodes stats returned by elasticsearch API
2023.03.23 13:58:12 ERROR web[][o.s.s.m.ElasticSearchMetricTask] Failed to query ES status, no nodes stats returned by elasticsearch API
2023.03.23 13:58:22 ERROR web[][o.s.s.m.ElasticSearchMetricTask] Failed to query ES status, no nodes stats returned by elasticsearch API
2023.03.23 13:58:32 ERROR web[][o.s.s.m.ElasticSearchMetricTask] Failed to query ES status, no nodes stats returned by elasticsearch API
2023.03.23 13:58:42 ERROR web[][o.s.s.m.ElasticSearchMetricTask] Failed to query ES status, no nodes stats returned by elasticsearch API
2023.03.23 13:58:52 ERROR web[][o.s.s.m.ElasticSearchMetricTask] Failed to query ES status, no nodes stats returned by elasticsearch API
2023.03.23 13:59:02 ERROR web[][o.s.s.m.ElasticSearchMetricTask] Failed to query ES status, no nodes stats returned by elasticsearch API
2023.03.23 13:59:12 ERROR web[][o.s.s.m.ElasticSearchMetricTask] Failed to query ES status, no nodes stats returned by elasticsearch API
2023.03.23 13:59:22 ERROR web[][o.s.s.m.ElasticSearchMetricTask] Failed to query ES status, no nodes stats returned by elasticsearch API
2023.03.23 13:59:32 ERROR web[][o.s.s.m.ElasticSearchMetricTask] Failed to query ES status, no nodes stats returned by elasticsearch API
2023.03.23 13:59:42 ERROR web[][o.s.s.m.ElasticSearchMetricTask] Failed to query ES status, no nodes stats returned by elasticsearch API
2023.03.23 13:59:52 ERROR web[][o.s.s.m.ElasticSearchMetricTask] Failed to query ES status, no nodes stats returned by elasticsearch API
2023.03.23 14:00:02 ERROR web[][o.s.s.m.ElasticSearchMetricTask] Failed to query ES status, no nodes stats returned by elasticsearch API
2023.03.23 14:00:12 ERROR web[][o.s.s.m.ElasticSearchMetricTask] Failed to query ES status, no nodes stats returned by elasticsearch API
2023.03.23 14:00:22 ERROR web[][o.s.s.m.ElasticSearchMetricTask] Failed to query ES status, no nodes stats returned by elasticsearch API
2023.03.23 14:00:32 ERROR web[][o.s.s.m.ElasticSearchMetricTask] Failed to query ES status, no nodes stats returned by elasticsearch API
2023.03.23 14:00:42 ERROR web[][o.s.s.m.ElasticSearchMetricTask] Failed to query ES status, no nodes stats returned by elasticsearch API
2023.03.23 14:00:52 ERROR web[][o.s.s.m.ElasticSearchMetricTask] Failed to query ES status, no nodes stats returned by elasticsearch API
2023.03.23 14:01:02 ERROR web[][o.s.s.m.ElasticSearchMetricTask] Failed to query ES status, no nodes stats returned by elasticsearch API
2023.03.23 14:01:12 ERROR web[][o.s.s.m.ElasticSearchMetricTask] Failed to query ES status, no nodes stats returned by elasticsearch API
2023.03.23 14:01:22 ERROR web[][o.s.s.m.ElasticSearchMetricTask] Failed to query ES status, no nodes stats returned by elasticsearch API
2023.03.23 14:01:32 ERROR web[][o.s.s.m.ElasticSearchMetricTask] Failed to query ES status, no nodes stats returned by elasticsearch API
2023.03.23 14:01:42 ERROR web[][o.s.s.m.ElasticSearchMetricTask] Failed to query ES status, no nodes stats returned by elasticsearch API
2023.03.23 14:01:52 ERROR web[][o.s.s.m.ElasticSearchMetricTask] Failed to query ES status, no nodes stats returned by elasticsearch API
2023.03.23 14:02:02 ERROR web[][o.s.s.m.ElasticSearchMetricTask] Failed to query ES status, no nodes stats returned by elasticsearch API
2023.03.23 14:02:12 ERROR web[][o.s.s.m.ElasticSearchMetricTask] Failed to query ES status, no nodes stats returned by elasticsearch API
2023.03.23 14:02:22 ERROR web[][o.s.s.m.ElasticSearchMetricTask] Failed to query ES status, no nodes stats returned by elasticsearch API
2023.03.23 14:02:32 ERROR web[][o.s.s.m.ElasticSearchMetricTask] Failed to query ES status, no nodes stats returned by elasticsearch API
2023.03.23 14:02:42 ERROR web[][o.s.s.m.ElasticSearchMetricTask] Failed to query ES status, no nodes stats returned by elasticsearch API
2023.03.23 14:02:52 ERROR web[][o.s.s.m.ElasticSearchMetricTask] Failed to query ES status, no nodes stats returned by elasticsearch API
2023.03.23 14:03:02 ERROR web[][o.s.s.m.ElasticSearchMetricTask] Failed to query ES status, no nodes stats returned by elasticsearch API
2023.03.23 14:03:12 ERROR web[][o.s.s.m.ElasticSearchMetricTask] Failed to query ES status, no nodes stats returned by elasticsearch API
2023.03.23 14:03:22 ERROR web[][o.s.s.m.ElasticSearchMetricTask] Failed to query ES status, no nodes stats returned by elasticsearch API
2023.03.23 14:03:32 ERROR web[][o.s.s.m.ElasticSearchMetricTask] Failed to query ES status, no nodes stats returned by elasticsearch API
2023.03.23 14:03:42 ERROR web[][o.s.s.m.ElasticSearchMetricTask] Failed to query ES status, no nodes stats returned by elasticsearch API
2023.03.23 14:03:52 ERROR web[][o.s.s.m.ElasticSearchMetricTask] Failed to query ES status, no nodes stats returned by elasticsearch API
2023.03.23 14:04:02 ERROR web[][o.s.s.m.ElasticSearchMetricTask] Failed to query ES status, no nodes stats returned by elasticsearch API
2023.03.23 14:04:12 ERROR web[][o.s.s.m.ElasticSearchMetricTask] Failed to query ES status, no nodes stats returned by elasticsearch API
2023.03.23 14:04:22 ERROR web[][o.s.s.m.ElasticSearchMetricTask] Failed to query ES status, no nodes stats returned by elasticsearch API
2023.03.23 14:04:32 ERROR web[][o.s.s.m.ElasticSearchMetricTask] Failed to query ES status, no nodes stats returned by elasticsearch API
2023.03.23 14:04:42 ERROR web[][o.s.s.m.ElasticSearchMetricTask] Failed to query ES status, no nodes stats returned by elasticsearch API
2023.03.23 14:04:52 ERROR web[][o.s.s.m.ElasticSearchMetricTask] Failed to query ES status, no nodes stats returned by elasticsearch API
2023.03.23 14:05:02 ERROR web[][o.s.s.m.ElasticSearchMetricTask] Failed to query ES status, no nodes stats returned by elasticsearch API
2023.03.23 14:05:12 ERROR web[][o.s.s.m.ElasticSearchMetricTask] Failed to query ES status, no nodes stats returned by elasticsearch API
2023.03.23 14:05:22 ERROR web[][o.s.s.m.ElasticSearchMetricTask] Failed to query ES status, no nodes stats returned by elasticsearch API
2023.03.23 14:05:32 ERROR web[][o.s.s.m.ElasticSearchMetricTask] Failed to query ES status, no nodes stats returned by elasticsearch API
2023.03.23 14:05:42 ERROR web[][o.s.s.m.ElasticSearchMetricTask] Failed to query ES status, no nodes stats returned by elasticsearch API
2023.03.23 14:05:52 ERROR web[][o.s.s.m.ElasticSearchMetricTask] Failed to query ES status, no nodes stats returned by elasticsearch API
2023.03.23 14:06:02 ERROR web[][o.s.s.m.ElasticSearchMetricTask] Failed to query ES status, no nodes stats returned by elasticsearch API
2023.03.23 14:06:12 ERROR web[][o.s.s.m.ElasticSearchMetricTask] Failed to query ES status, no nodes stats returned by elasticsearch API
2023.03.23 14:06:22 ERROR web[][o.s.s.m.ElasticSearchMetricTask] Failed to query ES status, no nodes stats returned by elasticsearch API
2023.03.23 14:06:33 ERROR web[][o.s.s.m.ElasticSearchMetricTask] Failed to query ES status, no nodes stats returned by elasticsearch API
2023.03.23 14:06:43 ERROR web[][o.s.s.m.ElasticSearchMetricTask] Failed to query ES status, no nodes stats returned by elasticsearch API
2023.03.23 14:06:53 ERROR web[][o.s.s.m.ElasticSearchMetricTask] Failed to query ES status, no nodes stats returned by elasticsearch API
2023.03.23 14:07:03 ERROR web[][o.s.s.m.ElasticSearchMetricTask] Failed to query ES status, no nodes stats returned by elasticsearch API
2023.03.23 14:07:13 ERROR web[][o.s.s.m.ElasticSearchMetricTask] Failed to query ES status, no nodes stats returned by elasticsearch API
2023.03.23 14:07:23 ERROR web[][o.s.s.m.ElasticSearchMetricTask] Failed to query ES status, no nodes stats returned by elasticsearch API
2023.03.23 14:07:33 ERROR web[][o.s.s.m.ElasticSearchMetricTask] Failed to query ES status, no nodes stats returned by elasticsearch API
2023.03.23 14:07:43 ERROR web[][o.s.s.m.ElasticSearchMetricTask] Failed to query ES status, no nodes stats returned by elasticsearch API
2023.03.23 14:07:53 ERROR web[][o.s.s.m.ElasticSearchMetricTask] Failed to query ES status, no nodes stats returned by elasticsearch API
2023.03.23 14:08:03 ERROR web[][o.s.s.m.ElasticSearchMetricTask] Failed to query ES status, no nodes stats returned by elasticsearch API
2023.03.23 14:08:13 ERROR web[][o.s.s.m.ElasticSearchMetricTask] Failed to query ES status, no nodes stats returned by elasticsearch API
2023.03.23 14:08:23 ERROR web[][o.s.s.m.ElasticSearchMetricTask] Failed to query ES status, no nodes stats returned by elasticsearch API
2023.03.23 14:08:33 ERROR web[][o.s.s.m.ElasticSearchMetricTask] Failed to query ES status, no nodes stats returned by elasticsearch API
2023.03.23 14:08:43 ERROR web[][o.s.s.m.ElasticSearchMetricTask] Failed to query ES status, no nodes stats returned by elasticsearch API
2023.03.23 14:08:53 ERROR web[][o.s.s.m.ElasticSearchMetricTask] Failed to query ES status, no nodes stats returned by elasticsearch API
2023.03.23 14:09:03 ERROR web[][o.s.s.m.ElasticSearchMetricTask] Failed to query ES status, no nodes stats returned by elasticsearch API
2023.03.23 14:09:13 ERROR web[][o.s.s.m.ElasticSearchMetricTask] Failed to query ES status, no nodes stats returned by elasticsearch API
2023.03.23 14:09:23 ERROR web[][o.s.s.m.ElasticSearchMetricTask] Failed to query ES status, no nodes stats returned by elasticsearch API
2023.03.23 14:09:33 ERROR web[][o.s.s.m.ElasticSearchMetricTask] Failed to query ES status, no nodes stats returned by elasticsearch API
2023.03.23 14:09:43 ERROR web[][o.s.s.m.ElasticSearchMetricTask] Failed to query ES status, no nodes stats returned by elasticsearch API
2023.03.23 14:09:53 ERROR web[][o.s.s.m.ElasticSearchMetricTask] Failed to query ES status, no nodes stats returned by elasticsearch API
2023.03.23 14:10:03 ERROR web[][o.s.s.m.ElasticSearchMetricTask] Failed to query ES status, no nodes stats returned by elasticsearch API
2023.03.23 14:10:13 ERROR web[][o.s.s.m.ElasticSearchMetricTask] Failed to query ES status, no nodes stats returned by elasticsearch API
2023.03.23 14:10:23 ERROR web[][o.s.s.m.ElasticSearchMetricTask] Failed to query ES status, no nodes stats returned by elasticsearch API
2023.03.23 14:10:33 ERROR web[][o.s.s.m.ElasticSearchMetricTask] Failed to query ES status, no nodes stats returned by elasticsearch API
2023.03.23 14:10:43 ERROR web[][o.s.s.m.ElasticSearchMetricTask] Failed to query ES status, no nodes stats returned by elasticsearch API
2023.03.23 14:10:53 ERROR web[][o.s.s.m.ElasticSearchMetricTask] Failed to query ES status, no nodes stats returned by elasticsearch API
2023.03.23 14:11:03 ERROR web[][o.s.s.m.ElasticSearchMetricTask] Failed to query ES status, no nodes stats returned by elasticsearch API
2023.03.23 14:11:13 ERROR web[][o.s.s.m.ElasticSearchMetricTask] Failed to query ES status, no nodes stats returned by elasticsearch API
2023.03.23 14:11:23 ERROR web[][o.s.s.m.ElasticSearchMetricTask] Failed to query ES status, no nodes stats returned by elasticsearch API
2023.03.23 14:11:33 ERROR web[][o.s.s.m.ElasticSearchMetricTask] Failed to query ES status, no nodes stats returned by elasticsearch API
2023.03.23 14:11:43 ERROR web[][o.s.s.m.ElasticSearchMetricTask] Failed to query ES status, no nodes stats returned by elasticsearch API
2023.03.23 14:11:53 ERROR web[][o.s.s.m.ElasticSearchMetricTask] Failed to query ES status, no nodes stats returned by elasticsearch API
2023.03.23 14:12:03 ERROR web[][o.s.s.m.ElasticSearchMetricTask] Failed to query ES status, no nodes stats returned by elasticsearch API
2023.03.23 14:12:13 ERROR web[][o.s.s.m.ElasticSearchMetricTask] Failed to query ES status, no nodes stats returned by elasticsearch API
2023.03.23 14:12:23 ERROR web[][o.s.s.m.ElasticSearchMetricTask] Failed to query ES status, no nodes stats returned by elasticsearch API
2023.03.23 14:12:33 ERROR web[][o.s.s.m.ElasticSearchMetricTask] Failed to query ES status, no nodes stats returned by elasticsearch API
2023.03.23 14:12:43 ERROR web[][o.s.s.m.ElasticSearchMetricTask] Failed to query ES status, no nodes stats returned by elasticsearch API
2023.03.23 14:12:53 ERROR web[][o.s.s.m.ElasticSearchMetricTask] Failed to query ES status, no nodes stats returned by elasticsearch API
2023.03.23 14:13:03 ERROR web[][o.s.s.m.ElasticSearchMetricTask] Failed to query ES status, no nodes stats returned by elasticsearch API
2023.03.23 14:13:13 ERROR web[][o.s.s.m.ElasticSearchMetricTask] Failed to query ES status, no nodes stats returned by elasticsearch API
2023.03.23 14:13:23 ERROR web[][o.s.s.m.ElasticSearchMetricTask] Failed to query ES status, no nodes stats returned by elasticsearch API
2023.03.23 14:13:33 ERROR web[][o.s.s.m.ElasticSearchMetricTask] Failed to query ES status, no nodes stats returned by elasticsearch API
2023.03.23 14:13:43 ERROR web[][o.s.s.m.ElasticSearchMetricTask] Failed to query ES status, no nodes stats returned by elasticsearch API
2023.03.23 14:13:53 ERROR web[][o.s.s.m.ElasticSearchMetricTask] Failed to query ES status, no nodes stats returned by elasticsearch API
2023.03.23 14:14:03 ERROR web[][o.s.s.m.ElasticSearchMetricTask] Failed to query ES status, no nodes stats returned by elasticsearch API
2023.03.23 14:14:13 ERROR web[][o.s.s.m.ElasticSearchMetricTask] Failed to query ES status, no nodes stats returned by elasticsearch API
2023.03.23 14:14:23 ERROR web[][o.s.s.m.ElasticSearchMetricTask] Failed to query ES status, no nodes stats returned by elasticsearch API
2023.03.23 14:14:33 ERROR web[][o.s.s.m.ElasticSearchMetricTask] Failed to query ES status, no nodes stats returned by elasticsearch API
2023.03.23 14:14:43 ERROR web[][o.s.s.m.ElasticSearchMetricTask] Failed to query ES status, no nodes stats returned by elasticsearch API
2023.03.23 14:14:53 ERROR web[][o.s.s.m.ElasticSearchMetricTask] Failed to query ES status, no nodes stats returned by elasticsearch API
2023.03.23 14:15:03 ERROR web[][o.s.s.m.ElasticSearchMetricTask] Failed to query ES status, no nodes stats returned by elasticsearch API
2023.03.23 14:15:14 ERROR web[][o.s.s.m.ElasticSearchMetricTask] Failed to query ES status, no nodes stats returned by elasticsearch API
2023.03.23 14:15:24 ERROR web[][o.s.s.m.ElasticSearchMetricTask] Failed to query ES status, no nodes stats returned by elasticsearch API
2023.03.23 14:15:34 ERROR web[][o.s.s.m.ElasticSearchMetricTask] Failed to query ES status, no nodes stats returned by elasticsearch API
2023.03.23 14:15:44 ERROR web[][o.s.s.m.ElasticSearchMetricTask] Failed to query ES status, no nodes stats returned by elasticsearch API
2023.03.23 14:15:54 ERROR web[][o.s.s.m.ElasticSearchMetricTask] Failed to query ES status, no nodes stats returned by elasticsearch API
2023.03.23 14:16:04 ERROR web[][o.s.s.m.ElasticSearchMetricTask] Failed to query ES status, no nodes stats returned by elasticsearch API
2023.03.23 14:16:14 ERROR web[][o.s.s.m.ElasticSearchMetricTask] Failed to query ES status, no nodes stats returned by elasticsearch API
2023.03.23 14:16:24 ERROR web[][o.s.s.m.ElasticSearchMetricTask] Failed to query ES status, no nodes stats returned by elasticsearch API
2023.03.23 14:16:34 ERROR web[][o.s.s.m.ElasticSearchMetricTask] Failed to query ES status, no nodes stats returned by elasticsearch API
2023.03.23 14:16:44 ERROR web[][o.s.s.m.ElasticSearchMetricTask] Failed to query ES status, no nodes stats returned by elasticsearch API
2023.03.23 14:16:54 ERROR web[][o.s.s.m.ElasticSearchMetricTask] Failed to query ES status, no nodes stats returned by elasticsearch API
2023.03.23 14:17:04 ERROR web[][o.s.s.m.ElasticSearchMetricTask] Failed to query ES status, no nodes stats returned by elasticsearch API
2023.03.23 14:17:14 ERROR web[][o.s.s.m.ElasticSearchMetricTask] Failed to query ES status, no nodes stats returned by elasticsearch API
2023.03.23 14:17:24 ERROR web[][o.s.s.m.ElasticSearchMetricTask] Failed to query ES status, no nodes stats returned by elasticsearch API
2023.03.23 14:17:34 ERROR web[][o.s.s.m.ElasticSearchMetricTask] Failed to query ES status, no nodes stats returned by elasticsearch API
2023.03.23 14:17:44 ERROR web[][o.s.s.m.ElasticSearchMetricTask] Failed to query ES status, no nodes stats returned by elasticsearch API
2023.03.23 14:17:54 ERROR web[][o.s.s.m.ElasticSearchMetricTask] Failed to query ES status, no nodes stats returned by elasticsearch API
2023.03.23 14:18:04 ERROR web[][o.s.s.m.ElasticSearchMetricTask] Failed to query ES status, no nodes stats returned by elasticsearch API
2023.03.23 14:18:14 ERROR web[][o.s.s.m.ElasticSearchMetricTask] Failed to query ES status, no nodes stats returned by elasticsearch API
2023.03.23 14:18:24 ERROR web[][o.s.s.m.ElasticSearchMetricTask] Failed to query ES status, no nodes stats returned by elasticsearch API
2023.03.23 14:18:34 ERROR web[][o.s.s.m.ElasticSearchMetricTask] Failed to query ES status, no nodes stats returned by elasticsearch API
2023.03.23 14:18:44 ERROR web[][o.s.s.m.ElasticSearchMetricTask] Failed to query ES status, no nodes stats returned by elasticsearch API
2023.03.23 14:18:54 ERROR web[][o.s.s.m.ElasticSearchMetricTask] Failed to query ES status, no nodes stats returned by elasticsearch API
2023.03.23 14:19:04 ERROR web[][o.s.s.m.ElasticSearchMetricTask] Failed to query ES status, no nodes stats returned by elasticsearch API
2023.03.23 14:19:14 ERROR web[][o.s.s.m.ElasticSearchMetricTask] Failed to query ES status, no nodes stats returned by elasticsearch API
2023.03.23 14:19:24 ERROR web[][o.s.s.m.ElasticSearchMetricTask] Failed to query ES status, no nodes stats returned by elasticsearch API
2023.03.23 14:19:34 ERROR web[][o.s.s.m.ElasticSearchMetricTask] Failed to query ES status, no nodes stats returned by elasticsearch API
2023.03.23 14:19:44 ERROR web[][o.s.s.m.ElasticSearchMetricTask] Failed to query ES status, no nodes stats returned by elasticsearch API
2023.03.23 14:19:54 ERROR web[][o.s.s.m.ElasticSearchMetricTask] Failed to query ES status, no nodes stats returned by elasticsearch API
2023.03.23 14:20:04 ERROR web[][o.s.s.m.ElasticSearchMetricTask] Failed to query ES status, no nodes stats returned by elasticsearch API
2023.03.23 14:20:14 ERROR web[][o.s.s.m.ElasticSearchMetricTask] Failed to query ES status, no nodes stats returned by elasticsearch API
2023.03.23 14:20:24 ERROR web[][o.s.s.m.ElasticSearchMetricTask] Failed to query ES status, no nodes stats returned by elasticsearch API
2023.03.23 14:20:34 ERROR web[][o.s.s.m.ElasticSearchMetricTask] Failed to query ES status, no nodes stats returned by elasticsearch API
2023.03.23 14:20:44 ERROR web[][o.s.s.m.ElasticSearchMetricTask] Failed to query ES status, no nodes stats returned by elasticsearch API
2023.03.23 14:20:54 ERROR web[][o.s.s.m.ElasticSearchMetricTask] Failed to query ES status, no nodes stats returned by elasticsearch API
2023.03.23 14:21:04 ERROR web[][o.s.s.m.ElasticSearchMetricTask] Failed to query ES status, no nodes stats returned by elasticsearch API
2023.03.23 14:21:14 ERROR web[][o.s.s.m.ElasticSearchMetricTask] Failed to query ES status, no nodes stats returned by elasticsearch API
2023.03.23 14:21:24 ERROR web[][o.s.s.m.ElasticSearchMetricTask] Failed to query ES status, no nodes stats returned by elasticsearch API
2023.03.23 14:21:34 ERROR web[][o.s.s.m.ElasticSearchMetricTask] Failed to query ES status, no nodes stats returned by elasticsearch API
2023.03.23 14:21:44 ERROR web[][o.s.s.m.ElasticSearchMetricTask] Failed to query ES status, no nodes stats returned by elasticsearch API
2023.03.23 14:21:54 ERROR web[][o.s.s.m.ElasticSearchMetricTask] Failed to query ES status, no nodes stats returned by elasticsearch API
2023.03.23 14:22:04 ERROR web[][o.s.s.m.ElasticSearchMetricTask] Failed to query ES status, no nodes stats returned by elasticsearch API
2023.03.23 14:22:14 ERROR web[][o.s.s.m.ElasticSearchMetricTask] Failed to query ES status, no nodes stats returned by elasticsearch API
2023.03.23 14:22:24 ERROR web[][o.s.s.m.ElasticSearchMetricTask] Failed to query ES status, no nodes stats returned by elasticsearch API
2023.03.23 14:22:34 ERROR web[][o.s.s.m.ElasticSearchMetricTask] Failed to query ES status, no nodes stats returned by elasticsearch API
2023.03.23 14:22:44 ERROR web[][o.s.s.m.ElasticSearchMetricTask] Failed to query ES status, no nodes stats returned by elasticsearch API
2023.03.23 14:22:54 ERROR web[][o.s.s.m.ElasticSearchMetricTask] Failed to query ES status, no nodes stats returned by elasticsearch API
2023.03.23 14:23:04 ERROR web[][o.s.s.m.ElasticSearchMetricTask] Failed to query ES status, no nodes stats returned by elasticsearch API
2023.03.23 14:23:14 ERROR web[][o.s.s.m.ElasticSearchMetricTask] Failed to query ES status, no nodes stats returned by elasticsearch API
2023.03.23 14:23:24 ERROR web[][o.s.s.m.ElasticSearchMetricTask] Failed to query ES status, no nodes stats returned by elasticsearch API
2023.03.23 14:23:34 ERROR web[][o.s.s.m.ElasticSearchMetricTask] Failed to query ES status, no nodes stats returned by elasticsearch API
2023.03.23 14:23:44 ERROR web[][o.s.s.m.ElasticSearchMetricTask] Failed to query ES status, no nodes stats returned by elasticsearch API
2023.03.23 14:23:54 ERROR web[][o.s.s.m.ElasticSearchMetricTask] Failed to query ES status, no nodes stats returned by elasticsearch API
2023.03.23 14:24:04 ERROR web[][o.s.s.m.ElasticSearchMetricTask] Failed to query ES status, no nodes stats returned by elasticsearch API
2023.03.23 14:24:14 ERROR web[][o.s.s.m.ElasticSearchMetricTask] Failed to query ES status, no nodes stats returned by elasticsearch API
2023.03.23 14:24:24 ERROR web[][o.s.s.m.ElasticSearchMetricTask] Failed to query ES status, no nodes stats returned by elasticsearch API
2023.03.23 14:24:34 ERROR web[][o.s.s.m.ElasticSearchMetricTask] Failed to query ES status, no nodes stats returned by elasticsearch API
2023.03.23 14:24:44 ERROR web[][o.s.s.m.ElasticSearchMetricTask] Failed to query ES status, no nodes stats returned by elasticsearch API
2023.03.23 14:24:54 ERROR web[][o.s.s.m.ElasticSearchMetricTask] Failed to query ES status, no nodes stats returned by elasticsearch API
2023.03.23 14:25:04 ERROR web[][o.s.s.m.ElasticSearchMetricTask] Failed to query ES status, no nodes stats returned by elasticsearch API
2023.03.23 14:25:15 ERROR web[][o.s.s.m.ElasticSearchMetricTask] Failed to query ES status, no nodes stats returned by elasticsearch API
2023.03.23 14:25:25 ERROR web[][o.s.s.m.ElasticSearchMetricTask] Failed to query ES status, no nodes stats returned by elasticsearch API
2023.03.23 14:25:35 ERROR web[][o.s.s.m.ElasticSearchMetricTask] Failed to query ES status, no nodes stats returned by elasticsearch API
2023.03.23 14:25:45 ERROR web[][o.s.s.m.ElasticSearchMetricTask] Failed to query ES status, no nodes stats returned by elasticsearch API
2023.03.23 14:25:55 ERROR web[][o.s.s.m.ElasticSearchMetricTask] Failed to query ES status, no nodes stats returned by elasticsearch API
2023.03.23 14:26:05 ERROR web[][o.s.s.m.ElasticSearchMetricTask] Failed to query ES status, no nodes stats returned by elasticsearch API
2023.03.23 14:26:15 ERROR web[][o.s.s.m.ElasticSearchMetricTask] Failed to query ES status, no nodes stats returned by elasticsearch API
2023.03.23 14:26:25 ERROR web[][o.s.s.m.ElasticSearchMetricTask] Failed to query ES status, no nodes stats returned by elasticsearch API
2023.03.23 14:26:35 ERROR web[][o.s.s.m.ElasticSearchMetricTask] Failed to query ES status, no nodes stats returned by elasticsearch API
2023.03.23 14:26:45 ERROR web[][o.s.s.m.ElasticSearchMetricTask] Failed to query ES status, no nodes stats returned by elasticsearch API
2023.03.23 14:26:55 ERROR web[][o.s.s.m.ElasticSearchMetricTask] Failed to query ES status, no nodes stats returned by elasticsearch API
2023.03.23 14:27:05 ERROR web[][o.s.s.m.ElasticSearchMetricTask] Failed to query ES status, no nodes stats returned by elasticsearch API
2023.03.23 14:27:15 ERROR web[][o.s.s.m.ElasticSearchMetricTask] Failed to query ES status, no nodes stats returned by elasticsearch API
2023.03.23 14:27:25 ERROR web[][o.s.s.m.ElasticSearchMetricTask] Failed to query ES status, no nodes stats returned by elasticsearch API
2023.03.23 14:27:35 ERROR web[][o.s.s.m.ElasticSearchMetricTask] Failed to query ES status, no nodes stats returned by elasticsearch API
2023.03.23 14:27:45 ERROR web[][o.s.s.m.ElasticSearchMetricTask] Failed to query ES status, no nodes stats returned by elasticsearch API
2023.03.23 14:27:55 ERROR web[][o.s.s.m.ElasticSearchMetricTask] Failed to query ES status, no nodes stats returned by elasticsearch API
2023.03.23 14:28:05 ERROR web[][o.s.s.m.ElasticSearchMetricTask] Failed to query ES status, no nodes stats returned by elasticsearch API
2023.03.23 14:28:15 ERROR web[][o.s.s.m.ElasticSearchMetricTask] Failed to query ES status, no nodes stats returned by elasticsearch API
2023.03.23 14:28:25 ERROR web[][o.s.s.m.ElasticSearchMetricTask] Failed to query ES status, no nodes stats returned by elasticsearch API
2023.03.23 14:28:35 ERROR web[][o.s.s.m.ElasticSearchMetricTask] Failed to query ES status, no nodes stats returned by elasticsearch API
2023.03.23 14:28:45 ERROR web[][o.s.s.m.ElasticSearchMetricTask] Failed to query ES status, no nodes stats returned by elasticsearch API
2023.03.23 14:28:55 ERROR web[][o.s.s.m.ElasticSearchMetricTask] Failed to query ES status, no nodes stats returned by elasticsearch API
2023.03.23 14:29:05 ERROR web[][o.s.s.m.ElasticSearchMetricTask] Failed to query ES status, no nodes stats returned by elasticsearch API
2023.03.23 14:29:15 ERROR web[][o.s.s.m.ElasticSearchMetricTask] Failed to query ES status, no nodes stats returned by elasticsearch API
2023.03.23 14:29:25 ERROR web[][o.s.s.m.ElasticSearchMetricTask] Failed to query ES status, no nodes stats returned by elasticsearch API
2023.03.23 14:29:35 ERROR web[][o.s.s.m.ElasticSearchMetricTask] Failed to query ES status, no nodes stats returned by elasticsearch API
2023.03.23 14:29:45 ERROR web[][o.s.s.m.ElasticSearchMetricTask] Failed to query ES status, no nodes stats returned by elasticsearch API
2023.03.23 14:29:55 ERROR web[][o.s.s.m.ElasticSearchMetricTask] Failed to query ES status, no nodes stats returned by elasticsearch API
2023.03.23 14:30:05 ERROR web[][o.s.s.m.ElasticSearchMetricTask] Failed to query ES status, no nodes stats returned by elasticsearch API
2023.03.23 14:30:15 ERROR web[][o.s.s.m.ElasticSearchMetricTask] Failed to query ES status, no nodes stats returned by elasticsearch API
2023.03.23 14:30:25 ERROR web[][o.s.s.m.ElasticSearchMetricTask] Failed to query ES status, no nodes stats returned by elasticsearch API
2023.03.23 14:30:35 ERROR web[][o.s.s.m.ElasticSearchMetricTask] Failed to query ES status, no nodes stats returned by elasticsearch API
2023.03.23 14:30:45 ERROR web[][o.s.s.m.ElasticSearchMetricTask] Failed to query ES status, no nodes stats returned by elasticsearch API
2023.03.23 14:30:55 ERROR web[][o.s.s.m.ElasticSearchMetricTask] Failed to query ES status, no nodes stats returned by elasticsearch API
2023.03.23 14:31:05 ERROR web[][o.s.s.m.ElasticSearchMetricTask] Failed to query ES status, no nodes stats returned by elasticsearch API
2023.03.23 14:31:15 ERROR web[][o.s.s.m.ElasticSearchMetricTask] Failed to query ES status, no nodes stats returned by elasticsearch API
2023.03.23 14:31:25 ERROR web[][o.s.s.m.ElasticSearchMetricTask] Failed to query ES status, no nodes stats returned by elasticsearch API
2023.03.23 14:31:35 ERROR web[][o.s.s.m.ElasticSearchMetricTask] Failed to query ES status, no nodes stats returned by elasticsearch API
2023.03.23 14:31:45 ERROR web[][o.s.s.m.ElasticSearchMetricTask] Failed to query ES status, no nodes stats returned by elasticsearch API
2023.03.23 14:31:55 ERROR web[][o.s.s.m.ElasticSearchMetricTask] Failed to query ES status, no nodes stats returned by elasticsearch API
2023.03.23 14:32:05 ERROR web[][o.s.s.m.ElasticSearchMetricTask] Failed to query ES status, no nodes stats returned by elasticsearch API
2023.03.23 14:32:15 ERROR web[][o.s.s.m.ElasticSearchMetricTask] Failed to query ES status, no nodes stats returned by elasticsearch API
2023.03.23 14:32:25 ERROR web[][o.s.s.m.ElasticSearchMetricTask] Failed to query ES status, no nodes stats returned by elasticsearch API
2023.03.23 14:32:35 ERROR web[][o.s.s.m.ElasticSearchMetricTask] Failed to query ES status, no nodes stats returned by elasticsearch API
2023.03.23 14:32:45 ERROR web[][o.s.s.m.ElasticSearchMetricTask] Failed to query ES status, no nodes stats returned by elasticsearch API
2023.03.23 14:32:55 ERROR web[][o.s.s.m.ElasticSearchMetricTask] Failed to query ES status, no nodes stats returned by elasticsearch API
2023.03.23 14:33:05 ERROR web[][o.s.s.m.ElasticSearchMetricTask] Failed to query ES status, no nodes stats returned by elasticsearch API
2023.03.23 14:33:15 ERROR web[][o.s.s.m.ElasticSearchMetricTask] Failed to query ES status, no nodes stats returned by elasticsearch API
2023.03.23 14:33:25 ERROR web[][o.s.s.m.ElasticSearchMetricTask] Failed to query ES status, no nodes stats returned by elasticsearch API
2023.03.23 14:33:35 ERROR web[][o.s.s.m.ElasticSearchMetricTask] Failed to query ES status, no nodes stats returned by elasticsearch API
2023.03.23 14:33:45 ERROR web[][o.s.s.m.ElasticSearchMetricTask] Failed to query ES status, no nodes stats returned by elasticsearch API
2023.03.23 14:33:55 ERROR web[][o.s.s.m.ElasticSearchMetricTask] Failed to query ES status, no nodes stats returned by elasticsearch API
2023.03.23 14:34:05 ERROR web[][o.s.s.m.ElasticSearchMetricTask] Failed to query ES status, no nodes stats returned by elasticsearch API
2023.03.23 14:34:15 ERROR web[][o.s.s.m.ElasticSearchMetricTask] Failed to query ES status, no nodes stats returned by elasticsearch API
2023.03.23 14:34:25 ERROR web[][o.s.s.m.ElasticSearchMetricTask] Failed to query ES status, no nodes stats returned by elasticsearch API
2023.03.23 14:34:36 ERROR web[][o.s.s.m.ElasticSearchMetricTask] Failed to query ES status, no nodes stats returned by elasticsearch API
2023.03.23 14:34:46 ERROR web[][o.s.s.m.ElasticSearchMetricTask] Failed to query ES status, no nodes stats returned by elasticsearch API
2023.03.23 14:34:56 ERROR web[][o.s.s.m.ElasticSearchMetricTask] Failed to query ES status, no nodes stats returned by elasticsearch API
2023.03.23 14:35:06 ERROR web[][o.s.s.m.ElasticSearchMetricTask] Failed to query ES status, no nodes stats returned by elasticsearch API
2023.03.23 14:35:16 ERROR web[][o.s.s.m.ElasticSearchMetricTask] Failed to query ES status, no nodes stats returned by elasticsearch API
2023.03.23 14:35:26 ERROR web[][o.s.s.m.ElasticSearchMetricTask] Failed to query ES status, no nodes stats returned by elasticsearch API
2023.03.23 14:35:36 ERROR web[][o.s.s.m.ElasticSearchMetricTask] Failed to query ES status, no nodes stats returned by elasticsearch API
2023.03.23 14:35:46 ERROR web[][o.s.s.m.ElasticSearchMetricTask] Failed to query ES status, no nodes stats returned by elasticsearch API
2023.03.23 14:35:56 ERROR web[][o.s.s.m.ElasticSearchMetricTask] Failed to query ES status, no nodes stats returned by elasticsearch API
2023.03.23 14:36:06 ERROR web[][o.s.s.m.ElasticSearchMetricTask] Failed to query ES status, no nodes stats returned by elasticsearch API
2023.03.23 14:36:16 ERROR web[][o.s.s.m.ElasticSearchMetricTask] Failed to query ES status, no nodes stats returned by elasticsearch API
2023.03.23 14:36:26 ERROR web[][o.s.s.m.ElasticSearchMetricTask] Failed to query ES status, no nodes stats returned by elasticsearch API
2023.03.23 14:36:36 ERROR web[][o.s.s.m.ElasticSearchMetricTask] Failed to query ES status, no nodes stats returned by elasticsearch API
2023.03.23 14:36:46 ERROR web[][o.s.s.m.ElasticSearchMetricTask] Failed to query ES status, no nodes stats returned by elasticsearch API
2023.03.23 14:36:56 ERROR web[][o.s.s.m.ElasticSearchMetricTask] Failed to query ES status, no nodes stats returned by elasticsearch API
2023.03.23 14:37:06 ERROR web[][o.s.s.m.ElasticSearchMetricTask] Failed to query ES status, no nodes stats returned by elasticsearch API
2023.03.23 14:37:16 ERROR web[][o.s.s.m.ElasticSearchMetricTask] Failed to query ES status, no nodes stats returned by elasticsearch API
2023.03.23 14:37:26 ERROR web[][o.s.s.m.ElasticSearchMetricTask] Failed to query ES status, no nodes stats returned by elasticsearch API
2023.03.23 14:37:36 ERROR web[][o.s.s.m.ElasticSearchMetricTask] Failed to query ES status, no nodes stats returned by elasticsearch API
2023.03.23 14:37:46 ERROR web[][o.s.s.m.ElasticSearchMetricTask] Failed to query ES status, no nodes stats returned by elasticsearch API
2023.03.23 14:37:56 ERROR web[][o.s.s.m.ElasticSearchMetricTask] Failed to query ES status, no nodes stats returned by elasticsearch API
2023.03.23 14:38:06 ERROR web[][o.s.s.m.ElasticSearchMetricTask] Failed to query ES status, no nodes stats returned by elasticsearch API
2023.03.23 14:38:16 ERROR web[][o.s.s.m.ElasticSearchMetricTask] Failed to query ES status, no nodes stats returned by elasticsearch API
2023.03.23 14:38:26 ERROR web[][o.s.s.m.ElasticSearchMetricTask] Failed to query ES status, no nodes stats returned by elasticsearch API
2023.03.23 14:38:36 ERROR web[][o.s.s.m.ElasticSearchMetricTask] Failed to query ES status, no nodes stats returned by elasticsearch API
2023.03.23 14:38:46 ERROR web[][o.s.s.m.ElasticSearchMetricTask] Failed to query ES status, no nodes stats returned by elasticsearch API
2023.03.23 14:38:56 ERROR web[][o.s.s.m.ElasticSearchMetricTask] Failed to query ES status, no nodes stats returned by elasticsearch API
2023.03.23 14:39:06 ERROR web[][o.s.s.m.ElasticSearchMetricTask] Failed to query ES status, no nodes stats returned by elasticsearch API
2023.03.23 14:39:16 ERROR web[][o.s.s.m.ElasticSearchMetricTask] Failed to query ES status, no nodes stats returned by elasticsearch API
2023.03.23 14:39:26 ERROR web[][o.s.s.m.ElasticSearchMetricTask] Failed to query ES status, no nodes stats returned by elasticsearch API
2023.03.23 14:39:36 ERROR web[][o.s.s.m.ElasticSearchMetricTask] Failed to query ES status, no nodes stats returned by elasticsearch API
2023.03.23 14:39:46 ERROR web[][o.s.s.m.ElasticSearchMetricTask] Failed to query ES status, no nodes stats returned by elasticsearch API
2023.03.23 14:39:56 ERROR web[][o.s.s.m.ElasticSearchMetricTask] Failed to query ES status, no nodes stats returned by elasticsearch API
2023.03.23 14:40:06 ERROR web[][o.s.s.m.ElasticSearchMetricTask] Failed to query ES status, no nodes stats returned by elasticsearch API
2023.03.23 14:40:16 ERROR web[][o.s.s.m.ElasticSearchMetricTask] Failed to query ES status, no nodes stats returned by elasticsearch API
2023.03.23 14:40:26 ERROR web[][o.s.s.m.ElasticSearchMetricTask] Failed to query ES status, no nodes stats returned by elasticsearch API
2023.03.23 14:40:36 ERROR web[][o.s.s.m.ElasticSearchMetricTask] Failed to query ES status, no nodes stats returned by elasticsearch API
2023.03.23 14:40:46 ERROR web[][o.s.s.m.ElasticSearchMetricTask] Failed to query ES status, no nodes stats returned by elasticsearch API
2023.03.23 14:40:56 ERROR web[][o.s.s.m.ElasticSearchMetricTask] Failed to query ES status, no nodes stats returned by elasticsearch API
2023.03.23 14:41:06 ERROR web[][o.s.s.m.ElasticSearchMetricTask] Failed to query ES status, no nodes stats returned by elasticsearch API
2023.03.23 14:41:16 ERROR web[][o.s.s.m.ElasticSearchMetricTask] Failed to query ES status, no nodes stats returned by elasticsearch API
2023.03.23 14:41:26 ERROR web[][o.s.s.m.ElasticSearchMetricTask] Failed to query ES status, no nodes stats returned by elasticsearch API
2023.03.23 14:41:36 ERROR web[][o.s.s.m.ElasticSearchMetricTask] Failed to query ES status, no nodes stats returned by elasticsearch API
2023.03.23 14:41:46 ERROR web[][o.s.s.m.ElasticSearchMetricTask] Failed to query ES status, no nodes stats returned by elasticsearch API
2023.03.23 14:41:56 ERROR web[][o.s.s.m.ElasticSearchMetricTask] Failed to query ES status, no nodes stats returned by elasticsearch API
2023.03.23 14:42:06 ERROR web[][o.s.s.m.ElasticSearchMetricTask] Failed to query ES status, no nodes stats returned by elasticsearch API
2023.03.23 14:42:16 ERROR web[][o.s.s.m.ElasticSearchMetricTask] Failed to query ES status, no nodes stats returned by elasticsearch API
2023.03.23 14:42:26 ERROR web[][o.s.s.m.ElasticSearchMetricTask] Failed to query ES status, no nodes stats returned by elasticsearch API
2023.03.23 14:42:36 ERROR web[][o.s.s.m.ElasticSearchMetricTask] Failed to query ES status, no nodes stats returned by elasticsearch API
2023.03.23 14:42:46 ERROR web[][o.s.s.m.ElasticSearchMetricTask] Failed to query ES status, no nodes stats returned by elasticsearch API
2023.03.23 14:42:56 ERROR web[][o.s.s.m.ElasticSearchMetricTask] Failed to query ES status, no nodes stats returned by elasticsearch API
2023.03.23 14:43:06 ERROR web[][o.s.s.m.ElasticSearchMetricTask] Failed to query ES status, no nodes stats returned by elasticsearch API
2023.03.23 14:43:16 ERROR web[][o.s.s.m.ElasticSearchMetricTask] Failed to query ES status, no nodes stats returned by elasticsearch API
2023.03.23 14:43:26 ERROR web[][o.s.s.m.ElasticSearchMetricTask] Failed to query ES status, no nodes stats returned by elasticsearch API
2023.03.23 14:43:36 ERROR web[][o.s.s.m.ElasticSearchMetricTask] Failed to query ES status, no nodes stats returned by elasticsearch API
2023.03.23 14:43:46 ERROR web[][o.s.s.m.ElasticSearchMetricTask] Failed to query ES status, no nodes stats returned by elasticsearch API
2023.03.23 14:43:56 ERROR web[][o.s.s.m.ElasticSearchMetricTask] Failed to query ES status, no nodes stats returned by elasticsearch API
2023.03.23 14:44:06 ERROR web[][o.s.s.m.ElasticSearchMetricTask] Failed to query ES status, no nodes stats returned by elasticsearch API
2023.03.23 14:44:17 ERROR web[][o.s.s.m.ElasticSearchMetricTask] Failed to query ES status, no nodes stats returned by elasticsearch API
2023.03.23 14:44:27 ERROR web[][o.s.s.m.ElasticSearchMetricTask] Failed to query ES status, no nodes stats returned by elasticsearch API
2023.03.23 14:44:37 ERROR web[][o.s.s.m.ElasticSearchMetricTask] Failed to query ES status, no nodes stats returned by elasticsearch API
2023.03.23 14:44:47 ERROR web[][o.s.s.m.ElasticSearchMetricTask] Failed to query ES status, no nodes stats returned by elasticsearch API
2023.03.23 14:44:57 ERROR web[][o.s.s.m.ElasticSearchMetricTask] Failed to query ES status, no nodes stats returned by elasticsearch API
2023.03.23 14:45:07 ERROR web[][o.s.s.m.ElasticSearchMetricTask] Failed to query ES status, no nodes stats returned by elasticsearch API
2023.03.23 14:45:17 ERROR web[][o.s.s.m.ElasticSearchMetricTask] Failed to query ES status, no nodes stats returned by elasticsearch API
2023.03.23 14:45:27 ERROR web[][o.s.s.m.ElasticSearchMetricTask] Failed to query ES status, no nodes stats returned by elasticsearch API
2023.03.23 14:45:37 ERROR web[][o.s.s.m.ElasticSearchMetricTask] Failed to query ES status, no nodes stats returned by elasticsearch API
2023.03.23 14:45:47 ERROR web[][o.s.s.m.ElasticSearchMetricTask] Failed to query ES status, no nodes stats returned by elasticsearch API
2023.03.23 14:45:57 ERROR web[][o.s.s.m.ElasticSearchMetricTask] Failed to query ES status, no nodes stats returned by elasticsearch API
2023.03.23 14:46:07 ERROR web[][o.s.s.m.ElasticSearchMetricTask] Failed to query ES status, no nodes stats returned by elasticsearch API
2023.03.23 14:46:17 ERROR web[][o.s.s.m.ElasticSearchMetricTask] Failed to query ES status, no nodes stats returned by elasticsearch API
2023.03.23 14:46:27 ERROR web[][o.s.s.m.ElasticSearchMetricTask] Failed to query ES status, no nodes stats returned by elasticsearch API
2023.03.23 14:46:37 ERROR web[][o.s.s.m.ElasticSearchMetricTask] Failed to query ES status, no nodes stats returned by elasticsearch API
2023.03.23 14:46:47 ERROR web[][o.s.s.m.ElasticSearchMetricTask] Failed to query ES status, no nodes stats returned by elasticsearch API
2023.03.23 14:46:57 ERROR web[][o.s.s.m.ElasticSearchMetricTask] Failed to query ES status, no nodes stats returned by elasticsearch API
2023.03.23 14:47:07 ERROR web[][o.s.s.m.ElasticSearchMetricTask] Failed to query ES status, no nodes stats returned by elasticsearch API
2023.03.23 14:47:17 ERROR web[][o.s.s.m.ElasticSearchMetricTask] Failed to query ES status, no nodes stats returned by elasticsearch API
2023.03.23 14:47:27 ERROR web[][o.s.s.m.ElasticSearchMetricTask] Failed to query ES status, no nodes stats returned by elasticsearch API
2023.03.23 14:47:37 ERROR web[][o.s.s.m.ElasticSearchMetricTask] Failed to query ES status, no nodes stats returned by elasticsearch API
2023.03.23 14:47:47 ERROR web[][o.s.s.m.ElasticSearchMetricTask] Failed to query ES status, no nodes stats returned by elasticsearch API
2023.03.23 14:47:57 ERROR web[][o.s.s.m.ElasticSearchMetricTask] Failed to query ES status, no nodes stats returned by elasticsearch API
2023.03.23 14:48:07 ERROR web[][o.s.s.m.ElasticSearchMetricTask] Failed to query ES status, no nodes stats returned by elasticsearch API
2023.03.23 14:48:17 ERROR web[][o.s.s.m.ElasticSearchMetricTask] Failed to query ES status, no nodes stats returned by elasticsearch API
2023.03.23 14:48:27 ERROR web[][o.s.s.m.ElasticSearchMetricTask] Failed to query ES status, no nodes stats returned by elasticsearch API
2023.03.23 14:48:37 ERROR web[][o.s.s.m.ElasticSearchMetricTask] Failed to query ES status, no nodes stats returned by elasticsearch API
2023.03.23 14:48:47 ERROR web[][o.s.s.m.ElasticSearchMetricTask] Failed to query ES status, no nodes stats returned by elasticsearch API
2023.03.23 14:48:57 ERROR web[][o.s.s.m.ElasticSearchMetricTask] Failed to query ES status, no nodes stats returned by elasticsearch API
2023.03.23 14:49:07 ERROR web[][o.s.s.m.ElasticSearchMetricTask] Failed to query ES status, no nodes stats returned by elasticsearch API
2023.03.23 14:49:17 ERROR web[][o.s.s.m.ElasticSearchMetricTask] Failed to query ES status, no nodes stats returned by elasticsearch API
2023.03.23 14:49:27 ERROR web[][o.s.s.m.ElasticSearchMetricTask] Failed to query ES status, no nodes stats returned by elasticsearch API
2023.03.23 14:49:37 ERROR web[][o.s.s.m.ElasticSearchMetricTask] Failed to query ES status, no nodes stats returned by elasticsearch API
2023.03.23 14:49:47 ERROR web[][o.s.s.m.ElasticSearchMetricTask] Failed to query ES status, no nodes stats returned by elasticsearch API
2023.03.23 14:49:57 ERROR web[][o.s.s.m.ElasticSearchMetricTask] Failed to query ES status, no nodes stats returned by elasticsearch API
2023.03.23 14:50:07 ERROR web[][o.s.s.m.ElasticSearchMetricTask] Failed to query ES status, no nodes stats returned by elasticsearch API
2023.03.23 14:50:17 ERROR web[][o.s.s.m.ElasticSearchMetricTask] Failed to query ES status, no nodes stats returned by elasticsearch API
2023.03.23 14:50:27 ERROR web[][o.s.s.m.ElasticSearchMetricTask] Failed to query ES status, no nodes stats returned by elasticsearch API
2023.03.23 14:50:37 ERROR web[][o.s.s.m.ElasticSearchMetricTask] Failed to query ES status, no nodes stats returned by elasticsearch API
2023.03.23 14:50:47 ERROR web[][o.s.s.m.ElasticSearchMetricTask] Failed to query ES status, no nodes stats returned by elasticsearch API
2023.03.23 14:50:57 ERROR web[][o.s.s.m.ElasticSearchMetricTask] Failed to query ES status, no nodes stats returned by elasticsearch API
2023.03.23 14:51:07 ERROR web[][o.s.s.m.ElasticSearchMetricTask] Failed to query ES status, no nodes stats returned by elasticsearch API
2023.03.23 14:51:17 ERROR web[][o.s.s.m.ElasticSearchMetricTask] Failed to query ES status, no nodes stats returned by elasticsearch API
2023.03.23 14:51:27 ERROR web[][o.s.s.m.ElasticSearchMetricTask] Failed to query ES status, no nodes stats returned by elasticsearch API
2023.03.23 14:51:37 ERROR web[][o.s.s.m.ElasticSearchMetricTask] Failed to query ES status, no nodes stats returned by elasticsearch API
2023.03.23 14:51:47 ERROR web[][o.s.s.m.ElasticSearchMetricTask] Failed to query ES status, no nodes stats returned by elasticsearch API
2023.03.23 14:51:57 ERROR web[][o.s.s.m.ElasticSearchMetricTask] Failed to query ES status, no nodes stats returned by elasticsearch API
2023.03.23 14:52:07 ERROR web[][o.s.s.m.ElasticSearchMetricTask] Failed to query ES status, no nodes stats returned by elasticsearch API
2023.03.23 14:52:17 ERROR web[][o.s.s.m.ElasticSearchMetricTask] Failed to query ES status, no nodes stats returned by elasticsearch API
2023.03.23 14:52:27 ERROR web[][o.s.s.m.ElasticSearchMetricTask] Failed to query ES status, no nodes stats returned by elasticsearch API
2023.03.23 14:52:37 ERROR web[][o.s.s.m.ElasticSearchMetricTask] Failed to query ES status, no nodes stats returned by elasticsearch API
2023.03.23 14:52:48 ERROR web[][o.s.s.m.ElasticSearchMetricTask] Failed to query ES status, no nodes stats returned by elasticsearch API
2023.03.23 14:52:58 ERROR web[][o.s.s.m.ElasticSearchMetricTask] Failed to query ES status, no nodes stats returned by elasticsearch API
2023.03.23 14:53:08 ERROR web[][o.s.s.m.ElasticSearchMetricTask] Failed to query ES status, no nodes stats returned by elasticsearch API
2023.03.23 14:53:18 ERROR web[][o.s.s.m.ElasticSearchMetricTask] Failed to query ES status, no nodes stats returned by elasticsearch API
2023.03.23 14:53:28 ERROR web[][o.s.s.m.ElasticSearchMetricTask] Failed to query ES status, no nodes stats returned by elasticsearch API
2023.03.23 14:53:38 ERROR web[][o.s.s.m.ElasticSearchMetricTask] Failed to query ES status, no nodes stats returned by elasticsearch API
2023.03.23 14:53:48 ERROR web[][o.s.s.m.ElasticSearchMetricTask] Failed to query ES status, no nodes stats returned by elasticsearch API
2023.03.23 14:53:58 ERROR web[][o.s.s.m.ElasticSearchMetricTask] Failed to query ES status, no nodes stats returned by elasticsearch API
2023.03.23 14:54:08 ERROR web[][o.s.s.m.ElasticSearchMetricTask] Failed to query ES status, no nodes stats returned by elasticsearch API
2023.03.23 14:54:18 ERROR web[][o.s.s.m.ElasticSearchMetricTask] Failed to query ES status, no nodes stats returned by elasticsearch API
2023.03.23 14:54:28 ERROR web[][o.s.s.m.ElasticSearchMetricTask] Failed to query ES status, no nodes stats returned by elasticsearch API
2023.03.23 14:54:38 ERROR web[][o.s.s.m.ElasticSearchMetricTask] Failed to query ES status, no nodes stats returned by elasticsearch API
2023.03.23 14:54:48 ERROR web[][o.s.s.m.ElasticSearchMetricTask] Failed to query ES status, no nodes stats returned by elasticsearch API
2023.03.23 14:54:58 ERROR web[][o.s.s.m.ElasticSearchMetricTask] Failed to query ES status, no nodes stats returned by elasticsearch API
2023.03.23 14:55:08 ERROR web[][o.s.s.m.ElasticSearchMetricTask] Failed to query ES status, no nodes stats returned by elasticsearch API
2023.03.23 14:55:18 ERROR web[][o.s.s.m.ElasticSearchMetricTask] Failed to query ES status, no nodes stats returned by elasticsearch API
2023.03.23 14:55:28 ERROR web[][o.s.s.m.ElasticSearchMetricTask] Failed to query ES status, no nodes stats returned by elasticsearch API
2023.03.23 14:55:38 ERROR web[][o.s.s.m.ElasticSearchMetricTask] Failed to query ES status, no nodes stats returned by elasticsearch API
2023.03.23 14:55:48 ERROR web[][o.s.s.m.ElasticSearchMetricTask] Failed to query ES status, no nodes stats returned by elasticsearch API
2023.03.23 14:55:58 ERROR web[][o.s.s.m.ElasticSearchMetricTask] Failed to query ES status, no nodes stats returned by elasticsearch API
2023.03.23 14:56:08 ERROR web[][o.s.s.m.ElasticSearchMetricTask] Failed to query ES status, no nodes stats returned by elasticsearch API
2023.03.23 14:56:18 ERROR web[][o.s.s.m.ElasticSearchMetricTask] Failed to query ES status, no nodes stats returned by elasticsearch API
2023.03.23 14:56:28 ERROR web[][o.s.s.m.ElasticSearchMetricTask] Failed to query ES status, no nodes stats returned by elasticsearch API
2023.03.23 14:56:38 ERROR web[][o.s.s.m.ElasticSearchMetricTask] Failed to query ES status, no nodes stats returned by elasticsearch API
2023.03.23 14:56:48 ERROR web[][o.s.s.m.ElasticSearchMetricTask] Failed to query ES status, no nodes stats returned by elasticsearch API
2023.03.23 14:56:58 ERROR web[][o.s.s.m.ElasticSearchMetricTask] Failed to query ES status, no nodes stats returned by elasticsearch API
2023.03.23 14:57:08 ERROR web[][o.s.s.m.ElasticSearchMetricTask] Failed to query ES status, no nodes stats returned by elasticsearch API
2023.03.23 14:57:18 ERROR web[][o.s.s.m.ElasticSearchMetricTask] Failed to query ES status, no nodes stats returned by elasticsearch API
2023.03.23 14:57:28 ERROR web[][o.s.s.m.ElasticSearchMetricTask] Failed to query ES status, no nodes stats returned by elasticsearch API
2023.03.23 14:57:38 ERROR web[][o.s.s.m.ElasticSearchMetricTask] Failed to query ES status, no nodes stats returned by elasticsearch API
2023.03.23 14:57:48 ERROR web[][o.s.s.m.ElasticSearchMetricTask] Failed to query ES status, no nodes stats returned by elasticsearch API
2023.03.23 14:57:58 ERROR web[][o.s.s.m.ElasticSearchMetricTask] Failed to query ES status, no nodes stats returned by elasticsearch API
2023.03.23 14:58:08 ERROR web[][o.s.s.m.ElasticSearchMetricTask] Failed to query ES status, no nodes stats returned by elasticsearch API
2023.03.23 14:58:18 ERROR web[][o.s.s.m.ElasticSearchMetricTask] Failed to query ES status, no nodes stats returned by elasticsearch API
2023.03.23 14:58:28 ERROR web[][o.s.s.m.ElasticSearchMetricTask] Failed to query ES status, no nodes stats returned by elasticsearch API
2023.03.23 14:58:38 ERROR web[][o.s.s.m.ElasticSearchMetricTask] Failed to query ES status, no nodes stats returned by elasticsearch API
2023.03.23 14:58:48 ERROR web[][o.s.s.m.ElasticSearchMetricTask] Failed to query ES status, no nodes stats returned by elasticsearch API
2023.03.23 14:58:58 ERROR web[][o.s.s.m.ElasticSearchMetricTask] Failed to query ES status, no nodes stats returned by elasticsearch API
2023.03.23 14:59:08 ERROR web[][o.s.s.m.ElasticSearchMetricTask] Failed to query ES status, no nodes stats returned by elasticsearch API
2023.03.23 14:59:18 ERROR web[][o.s.s.m.ElasticSearchMetricTask] Failed to query ES status, no nodes stats returned by elasticsearch API
2023.03.23 14:59:28 ERROR web[][o.s.s.m.ElasticSearchMetricTask] Failed to query ES status, no nodes stats returned by elasticsearch API
2023.03.23 14:59:38 ERROR web[][o.s.s.m.ElasticSearchMetricTask] Failed to query ES status, no nodes stats returned by elasticsearch API
2023.03.23 14:59:48 ERROR web[][o.s.s.m.ElasticSearchMetricTask] Failed to query ES status, no nodes stats returned by elasticsearch API
2023.03.23 14:59:58 ERROR web[][o.s.s.m.ElasticSearchMetricTask] Failed to query ES status, no nodes stats returned by elasticsearch API
2023.03.23 15:00:08 ERROR web[][o.s.s.m.ElasticSearchMetricTask] Failed to query ES status, no nodes stats returned by elasticsearch API
2023.03.23 15:00:18 ERROR web[][o.s.s.m.ElasticSearchMetricTask] Failed to query ES status, no nodes stats returned by elasticsearch API
2023.03.23 15:00:28 ERROR web[][o.s.s.m.ElasticSearchMetricTask] Failed to query ES status, no nodes stats returned by elasticsearch API
2023.03.23 15:00:38 ERROR web[][o.s.s.m.ElasticSearchMetricTask] Failed to query ES status, no nodes stats returned by elasticsearch API
2023.03.23 15:00:48 ERROR web[][o.s.s.m.ElasticSearchMetricTask] Failed to query ES status, no nodes stats returned by elasticsearch API
2023.03.23 15:00:58 ERROR web[][o.s.s.m.ElasticSearchMetricTask] Failed to query ES status, no nodes stats returned by elasticsearch API
2023.03.23 15:01:08 ERROR web[][o.s.s.m.ElasticSearchMetricTask] Failed to query ES status, no nodes stats returned by elasticsearch API
2023.03.23 15:01:18 ERROR web[][o.s.s.m.ElasticSearchMetricTask] Failed to query ES status, no nodes stats returned by elasticsearch API
2023.03.23 15:01:29 ERROR web[][o.s.s.m.ElasticSearchMetricTask] Failed to query ES status, no nodes stats returned by elasticsearch API
2023.03.23 15:01:39 ERROR web[][o.s.s.m.ElasticSearchMetricTask] Failed to query ES status, no nodes stats returned by elasticsearch API
2023.03.23 15:01:49 ERROR web[][o.s.s.m.ElasticSearchMetricTask] Failed to query ES status, no nodes stats returned by elasticsearch API
2023.03.23 15:01:59 ERROR web[][o.s.s.m.ElasticSearchMetricTask] Failed to query ES status, no nodes stats returned by elasticsearch API
2023.03.23 15:02:09 ERROR web[][o.s.s.m.ElasticSearchMetricTask] Failed to query ES status, no nodes stats returned by elasticsearch API
2023.03.23 15:02:19 ERROR web[][o.s.s.m.ElasticSearchMetricTask] Failed to query ES status, no nodes stats returned by elasticsearch API
2023.03.23 15:02:29 ERROR web[][o.s.s.m.ElasticSearchMetricTask] Failed to query ES status, no nodes stats returned by elasticsearch API
2023.03.23 15:02:39 ERROR web[][o.s.s.m.ElasticSearchMetricTask] Failed to query ES status, no nodes stats returned by elasticsearch API
2023.03.23 15:02:49 ERROR web[][o.s.s.m.ElasticSearchMetricTask] Failed to query ES status, no nodes stats returned by elasticsearch API
2023.03.23 15:02:59 ERROR web[][o.s.s.m.ElasticSearchMetricTask] Failed to query ES status, no nodes stats returned by elasticsearch API
2023.03.23 15:03:09 ERROR web[][o.s.s.m.ElasticSearchMetricTask] Failed to query ES status, no nodes stats returned by elasticsearch API
2023.03.23 15:03:19 ERROR web[][o.s.s.m.ElasticSearchMetricTask] Failed to query ES status, no nodes stats returned by elasticsearch API
2023.03.23 15:03:29 ERROR web[][o.s.s.m.ElasticSearchMetricTask] Failed to query ES status, no nodes stats returned by elasticsearch API
2023.03.23 15:03:39 ERROR web[][o.s.s.m.ElasticSearchMetricTask] Failed to query ES status, no nodes stats returned by elasticsearch API
2023.03.23 15:03:49 ERROR web[][o.s.s.m.ElasticSearchMetricTask] Failed to query ES status, no nodes stats returned by elasticsearch API
2023.03.23 15:03:59 ERROR web[][o.s.s.m.ElasticSearchMetricTask] Failed to query ES status, no nodes stats returned by elasticsearch API
2023.03.23 15:04:09 ERROR web[][o.s.s.m.ElasticSearchMetricTask] Failed to query ES status, no nodes stats returned by elasticsearch API
2023.03.23 15:04:19 ERROR web[][o.s.s.m.ElasticSearchMetricTask] Failed to query ES status, no nodes stats returned by elasticsearch API
2023.03.23 15:04:29 ERROR web[][o.s.s.m.ElasticSearchMetricTask] Failed to query ES status, no nodes stats returned by elasticsearch API
2023.03.23 15:04:39 ERROR web[][o.s.s.m.ElasticSearchMetricTask] Failed to query ES status, no nodes stats returned by elasticsearch API
2023.03.23 15:04:49 ERROR web[][o.s.s.m.ElasticSearchMetricTask] Failed to query ES status, no nodes stats returned by elasticsearch API
2023.03.23 15:04:59 ERROR web[][o.s.s.m.ElasticSearchMetricTask] Failed to query ES status, no nodes stats returned by elasticsearch API
2023.03.23 15:05:09 ERROR web[][o.s.s.m.ElasticSearchMetricTask] Failed to query ES status, no nodes stats returned by elasticsearch API
2023.03.23 15:05:19 ERROR web[][o.s.s.m.ElasticSearchMetricTask] Failed to query ES status, no nodes stats returned by elasticsearch API
2023.03.23 15:05:29 ERROR web[][o.s.s.m.ElasticSearchMetricTask] Failed to query ES status, no nodes stats returned by elasticsearch API
2023.03.23 15:05:39 ERROR web[][o.s.s.m.ElasticSearchMetricTask] Failed to query ES status, no nodes stats returned by elasticsearch API
2023.03.23 15:05:49 ERROR web[][o.s.s.m.ElasticSearchMetricTask] Failed to query ES status, no nodes stats returned by elasticsearch API
2023.03.23 15:05:59 ERROR web[][o.s.s.m.ElasticSearchMetricTask] Failed to query ES status, no nodes stats returned by elasticsearch API
2023.03.23 15:06:09 ERROR web[][o.s.s.m.ElasticSearchMetricTask] Failed to query ES status, no nodes stats returned by elasticsearch API
2023.03.23 15:06:19 ERROR web[][o.s.s.m.ElasticSearchMetricTask] Failed to query ES status, no nodes stats returned by elasticsearch API
2023.03.23 15:06:29 ERROR web[][o.s.s.m.ElasticSearchMetricTask] Failed to query ES status, no nodes stats returned by elasticsearch API
2023.03.23 15:06:39 ERROR web[][o.s.s.m.ElasticSearchMetricTask] Failed to query ES status, no nodes stats returned by elasticsearch API
2023.03.23 15:06:49 ERROR web[][o.s.s.m.ElasticSearchMetricTask] Failed to query ES status, no nodes stats returned by elasticsearch API
2023.03.23 15:06:59 ERROR web[][o.s.s.m.ElasticSearchMetricTask] Failed to query ES status, no nodes stats returned by elasticsearch API
2023.03.23 15:07:09 ERROR web[][o.s.s.m.ElasticSearchMetricTask] Failed to query ES status, no nodes stats returned by elasticsearch API
2023.03.23 15:07:19 ERROR web[][o.s.s.m.ElasticSearchMetricTask] Failed to query ES status, no nodes stats returned by elasticsearch API
2023.03.23 15:07:29 ERROR web[][o.s.s.m.ElasticSearchMetricTask] Failed to query ES status, no nodes stats returned by elasticsearch API
2023.03.23 15:07:39 ERROR web[][o.s.s.m.ElasticSearchMetricTask] Failed to query ES status, no nodes stats returned by elasticsearch API
2023.03.23 15:07:49 ERROR web[][o.s.s.m.ElasticSearchMetricTask] Failed to query ES status, no nodes stats returned by elasticsearch API
2023.03.23 15:07:59 ERROR web[][o.s.s.m.ElasticSearchMetricTask] Failed to query ES status, no nodes stats returned by elasticsearch API
2023.03.23 15:08:09 ERROR web[][o.s.s.m.ElasticSearchMetricTask] Failed to query ES status, no nodes stats returned by elasticsearch API
2023.03.23 15:08:19 ERROR web[][o.s.s.m.ElasticSearchMetricTask] Failed to query ES status, no nodes stats returned by elasticsearch API
2023.03.23 15:08:29 ERROR web[][o.s.s.m.ElasticSearchMetricTask] Failed to query ES status, no nodes stats returned by elasticsearch API
2023.03.23 15:08:39 ERROR web[][o.s.s.m.ElasticSearchMetricTask] Failed to query ES status, no nodes stats returned by elasticsearch API
2023.03.23 15:08:49 ERROR web[][o.s.s.m.ElasticSearchMetricTask] Failed to query ES status, no nodes stats returned by elasticsearch API
2023.03.23 15:08:59 ERROR web[][o.s.s.m.ElasticSearchMetricTask] Failed to query ES status, no nodes stats returned by elasticsearch API
2023.03.23 15:09:09 ERROR web[][o.s.s.m.ElasticSearchMetricTask] Failed to query ES status, no nodes stats returned by elasticsearch API
2023.03.23 15:09:19 ERROR web[][o.s.s.m.ElasticSearchMetricTask] Failed to query ES status, no nodes stats returned by elasticsearch API
2023.03.23 15:09:29 ERROR web[][o.s.s.m.ElasticSearchMetricTask] Failed to query ES status, no nodes stats returned by elasticsearch API
2023.03.23 15:09:39 ERROR web[][o.s.s.m.ElasticSearchMetricTask] Failed to query ES status, no nodes stats returned by elasticsearch API
2023.03.23 15:09:49 ERROR web[][o.s.s.m.ElasticSearchMetricTask] Failed to query ES status, no nodes stats returned by elasticsearch API
2023.03.23 15:09:59 ERROR web[][o.s.s.m.ElasticSearchMetricTask] Failed to query ES status, no nodes stats returned by elasticsearch API
2023.03.23 15:10:09 ERROR web[][o.s.s.m.ElasticSearchMetricTask] Failed to query ES status, no nodes stats returned by elasticsearch API
2023.03.23 15:10:19 ERROR web[][o.s.s.m.ElasticSearchMetricTask] Failed to query ES status, no nodes stats returned by elasticsearch API
2023.03.23 15:10:29 ERROR web[][o.s.s.m.ElasticSearchMetricTask] Failed to query ES status, no nodes stats returned by elasticsearch API
2023.03.23 15:10:39 ERROR web[][o.s.s.m.ElasticSearchMetricTask] Failed to query ES status, no nodes stats returned by elasticsearch API
2023.03.23 15:10:49 ERROR web[][o.s.s.m.ElasticSearchMetricTask] Failed to query ES status, no nodes stats returned by elasticsearch API
2023.03.23 15:10:59 ERROR web[][o.s.s.m.ElasticSearchMetricTask] Failed to query ES status, no nodes stats returned by elasticsearch API
2023.03.23 15:11:10 ERROR web[][o.s.s.m.ElasticSearchMetricTask] Failed to query ES status, no nodes stats returned by elasticsearch API
2023.03.23 15:11:20 ERROR web[][o.s.s.m.ElasticSearchMetricTask] Failed to query ES status, no nodes stats returned by elasticsearch API
2023.03.23 15:11:30 ERROR web[][o.s.s.m.ElasticSearchMetricTask] Failed to query ES status, no nodes stats returned by elasticsearch API
2023.03.23 15:11:40 ERROR web[][o.s.s.m.ElasticSearchMetricTask] Failed to query ES status, no nodes stats returned by elasticsearch API
2023.03.23 15:11:50 ERROR web[][o.s.s.m.ElasticSearchMetricTask] Failed to query ES status, no nodes stats returned by elasticsearch API
2023.03.23 15:12:00 ERROR web[][o.s.s.m.ElasticSearchMetricTask] Failed to query ES status, no nodes stats returned by elasticsearch API
2023.03.23 15:12:10 ERROR web[][o.s.s.m.ElasticSearchMetricTask] Failed to query ES status, no nodes stats returned by elasticsearch API
2023.03.23 15:12:20 ERROR web[][o.s.s.m.ElasticSearchMetricTask] Failed to query ES status, no nodes stats returned by elasticsearch API
2023.03.23 15:12:30 ERROR web[][o.s.s.m.ElasticSearchMetricTask] Failed to query ES status, no nodes stats returned by elasticsearch API
2023.03.23 15:12:40 ERROR web[][o.s.s.m.ElasticSearchMetricTask] Failed to query ES status, no nodes stats returned by elasticsearch API
2023.03.23 15:12:50 ERROR web[][o.s.s.m.ElasticSearchMetricTask] Failed to query ES status, no nodes stats returned by elasticsearch API
2023.03.23 15:13:00 ERROR web[][o.s.s.m.ElasticSearchMetricTask] Failed to query ES status, no nodes stats returned by elasticsearch API
2023.03.23 15:13:10 ERROR web[][o.s.s.m.ElasticSearchMetricTask] Failed to query ES status, no nodes stats returned by elasticsearch API
2023.03.23 15:13:20 ERROR web[][o.s.s.m.ElasticSearchMetricTask] Failed to query ES status, no nodes stats returned by elasticsearch API
2023.03.23 15:13:30 ERROR web[][o.s.s.m.ElasticSearchMetricTask] Failed to query ES status, no nodes stats returned by elasticsearch API
2023.03.23 15:13:40 ERROR web[][o.s.s.m.ElasticSearchMetricTask] Failed to query ES status, no nodes stats returned by elasticsearch API
2023.03.23 15:13:50 ERROR web[][o.s.s.m.ElasticSearchMetricTask] Failed to query ES status, no nodes stats returned by elasticsearch API
2023.03.23 15:14:00 ERROR web[][o.s.s.m.ElasticSearchMetricTask] Failed to query ES status, no nodes stats returned by elasticsearch API
2023.03.23 15:14:10 ERROR web[][o.s.s.m.ElasticSearchMetricTask] Failed to query ES status, no nodes stats returned by elasticsearch API
2023.03.23 15:14:20 ERROR web[][o.s.s.m.ElasticSearchMetricTask] Failed to query ES status, no nodes stats returned by elasticsearch API
2023.03.23 15:14:30 ERROR web[][o.s.s.m.ElasticSearchMetricTask] Failed to query ES status, no nodes stats returned by elasticsearch API
2023.03.23 15:14:40 ERROR web[][o.s.s.m.ElasticSearchMetricTask] Failed to query ES status, no nodes stats returned by elasticsearch API
2023.03.23 15:14:50 ERROR web[][o.s.s.m.ElasticSearchMetricTask] Failed to query ES status, no nodes stats returned by elasticsearch API
2023.03.23 15:15:00 ERROR web[][o.s.s.m.ElasticSearchMetricTask] Failed to query ES status, no nodes stats returned by elasticsearch API
2023.03.23 18:15:15 ERROR web[][o.s.s.m.ElasticSearchMetricTask] Failed to query ES status, no nodes stats returned by elasticsearch API
2023.03.23 18:15:25 ERROR web[][o.s.s.m.ElasticSearchMetricTask] Failed to query ES status, no nodes stats returned by elasticsearch API
2023.03.23 18:15:28 WARN  web[][c.z.h.p.HikariPool] HikariPool-1 - Thread starvation or clock leap detected (housekeeper delta=3h30s30ms529µs600ns).
